#
# A fatal error has been detected by the Java Runtime Environment:
#
#  EXCEPTION_ACCESS_VIOLATION (0xc0000005) at pc=0x0000000061fa3e06, pid=8980, tid=8504
#
# JRE version: Java(TM) SE Runtime Environment (8.0_25-b18) (build 1.8.0_25-b18)
# Java VM: Java HotSpot(TM) 64-Bit Server VM (25.25-b02 mixed mode windows-amd64 compressed oops)
# Problematic frame:
# V  [jvm.dll+0x4c3e06]
#
# Failed to write core dump. Minidumps are not enabled by default on client versions of Windows
#
# If you would like to submit a bug report, please visit:
#   http://bugreport.sun.com/bugreport/crash.jsp
#

---------------  T H R E A D  ---------------

Current thread (0x0000000019b0c000):  JavaThread "C2 CompilerThread0" daemon [_thread_in_native, id=8504, stack(0x000000001a080000,0x000000001a180000)]

siginfo: ExceptionCode=0xc0000005, reading address 0x0000000000000010

Registers:
RAX=0x0000000000000000, RBX=0x00000000210ee5a0, RCX=0x00000000210ee5a0, RDX=0x000000001fca8ea8
RSP=0x000000001a17de60, RBP=0x00000000210ee5a0, RSI=0x000000001a17eec0, RDI=0x00000000621189a8
R8 =0x00000000210ee5a0, R9 =0x0000000000000002, R10=0x0000000019b37e10, R11=0x0000000000000000
R12=0x000000001a17e470, R13=0x000000001fca8ea8, R14=0x000000001edb4ab0, R15=0x0000000000000000
RIP=0x0000000061fa3e06, EFLAGS=0x0000000000010246

Top of Stack: (sp=0x000000001a17de60)
0x000000001a17de60:   000000001fcac498 00000000210ee5a0
0x000000001a17de70:   000000001edb4c10 000000001a17e120
0x000000001a17de80:   0000000000000010 000000001edb4870
0x000000001a17de90:   000000001a17e120 0000000061f3be1a
0x000000001a17dea0:   00000000210ee5a0 0000000000000002
0x000000001a17deb0:   0000000000000002 00000000621189a8
0x000000001a17dec0:   0000000019b3a960 0000000000000001
0x000000001a17ded0:   0000000088ca6c00 0000000061f1b494
0x000000001a17dee0:   000000001ca502f0 0000000000000001
0x000000001a17def0:   000000001ca53650 0000000061f22904
0x000000001a17df00:   00000000000001f8 0000000061f50fe9
0x000000001a17df10:   000000001ca502f0 0000000000000021
0x000000001a17df20:   0000000000000000 00000000214eab60
0x000000001a17df30:   0000000800000007 00000000214f1720
0x000000001a17df40:   00000000000001f8 0000000061f1b494
0x000000001a17df50:   0000000000000021 0000000061ae0000 

Instructions: (pc=0x0000000061fa3e06)
0x0000000061fa3de6:   8b e1 49 8b c8 49 8b e8 4c 8b ea ff 50 28 44 8b
0x0000000061fa3df6:   48 10 41 83 f9 0e 7c 06 41 83 f9 14 7e 02 33 c0
0x0000000061fa3e06:   8b 48 10 48 89 5c 24 40 83 f9 10 0f 8c 03 01 00
0x0000000061fa3e16:   00 83 f9 12 0f 8f fa 00 00 00 80 78 32 00 0f 84 


Register to memory mapping:

RAX=0x0000000000000000 is an unknown value
RBX=0x00000000210ee5a0 is an unknown value
RCX=0x00000000210ee5a0 is an unknown value
RDX=0x000000001fca8ea8 is an unknown value
RSP=0x000000001a17de60 is pointing into the stack for thread: 0x0000000019b0c000
RBP=0x00000000210ee5a0 is an unknown value
RSI=0x000000001a17eec0 is pointing into the stack for thread: 0x0000000019b0c000
RDI=0x00000000621189a8 is an unknown value
R8 =0x00000000210ee5a0 is an unknown value
R9 =0x0000000000000002 is an unknown value
R10=0x0000000019b37e10 is an unknown value
R11=0x0000000000000000 is an unknown value
R12=0x000000001a17e470 is pointing into the stack for thread: 0x0000000019b0c000
R13=0x000000001fca8ea8 is an unknown value
R14=0x000000001edb4ab0 is an unknown value
R15=0x0000000000000000 is an unknown value


Stack: [0x000000001a080000,0x000000001a180000],  sp=0x000000001a17de60,  free space=1015k
Native frames: (J=compiled Java code, j=interpreted, Vv=VM code, C=native code)
V  [jvm.dll+0x4c3e06]
V  [jvm.dll+0x45be1a]
V  [jvm.dll+0x4da1d1]
V  [jvm.dll+0x4dacef]
V  [jvm.dll+0x4db069]
V  [jvm.dll+0x4db5d6]
V  [jvm.dll+0x438271]
V  [jvm.dll+0x45366b]
V  [jvm.dll+0x437372]
V  [jvm.dll+0x98a02]
V  [jvm.dll+0x991f3]
V  [jvm.dll+0x22bde4]
V  [jvm.dll+0x2852fa]
C  [msvcr100.dll+0x21d9f]
C  [msvcr100.dll+0x21e3b]
C  [KERNEL32.DLL+0x17974]
C  [ntdll.dll+0x6a271]


Current CompileTask:
C2:19628132 19422   !   4       com.mysql.cj.NativeSession::execSQL (646 bytes)


---------------  P R O C E S S  ---------------

Java Threads: ( => current thread )
  0x000000001cb11800 JavaThread "DefaultQuartzScheduler_QuartzSchedulerThread" [_thread_blocked, id=1864, stack(0x0000000040000000,0x0000000040100000)]
  0x000000001cb18800 JavaThread "DefaultQuartzScheduler_Worker-10" [_thread_blocked, id=15652, stack(0x000000003ff00000,0x0000000040000000)]
  0x000000001cb10800 JavaThread "DefaultQuartzScheduler_Worker-9" [_thread_blocked, id=16644, stack(0x000000003fe00000,0x000000003ff00000)]
  0x000000001cb17800 JavaThread "DefaultQuartzScheduler_Worker-8" [_thread_blocked, id=11052, stack(0x000000003fd00000,0x000000003fe00000)]
  0x000000001cb14800 JavaThread "DefaultQuartzScheduler_Worker-7" [_thread_blocked, id=10916, stack(0x000000003fc00000,0x000000003fd00000)]
  0x000000001cb10000 JavaThread "DefaultQuartzScheduler_Worker-6" [_thread_blocked, id=12032, stack(0x000000003fb00000,0x000000003fc00000)]
  0x000000001cb16800 JavaThread "DefaultQuartzScheduler_Worker-5" [_thread_blocked, id=1264, stack(0x000000003fa00000,0x000000003fb00000)]
  0x000000001cb13800 JavaThread "DefaultQuartzScheduler_Worker-4" [_thread_blocked, id=18060, stack(0x000000003f900000,0x000000003fa00000)]
  0x000000001cb08800 JavaThread "DefaultQuartzScheduler_Worker-3" [_thread_blocked, id=16736, stack(0x000000003f800000,0x000000003f900000)]
  0x000000001cb0f000 JavaThread "DefaultQuartzScheduler_Worker-2" [_thread_blocked, id=11024, stack(0x000000003f700000,0x000000003f800000)]
  0x000000001cb0e800 JavaThread "DefaultQuartzScheduler_Worker-1" [_thread_blocked, id=15548, stack(0x000000003f600000,0x000000003f700000)]
  0x000000001cb0d000 JavaThread "Java2D Disposer" daemon [_thread_blocked, id=5112, stack(0x000000003f500000,0x000000003f600000)]
  0x0000000020e4f800 JavaThread "WebSocketWorker-416" [_thread_blocked, id=11808, stack(0x000000003ef00000,0x000000003f000000)]
  0x0000000020e4e000 JavaThread "WebSocketWorker-415" [_thread_blocked, id=13000, stack(0x000000003ee00000,0x000000003ef00000)]
  0x0000000020e52000 JavaThread "WebSocketWorker-414" [_thread_blocked, id=8664, stack(0x000000003ed00000,0x000000003ee00000)]
  0x0000000020e51000 JavaThread "WebSocketWorker-413" [_thread_blocked, id=18176, stack(0x000000003ec00000,0x000000003ed00000)]
  0x0000000020e4f000 JavaThread "WebSocketWorker-412" [_thread_blocked, id=17616, stack(0x000000003eb00000,0x000000003ec00000)]
  0x0000000020e4c800 JavaThread "WebSocketWorker-411" [_thread_blocked, id=13892, stack(0x000000003ea00000,0x000000003eb00000)]
  0x0000000020e4d800 JavaThread "WebSocketWorker-410" [_thread_blocked, id=6048, stack(0x000000003e900000,0x000000003ea00000)]
  0x0000000020e53800 JavaThread "WebSocketWorker-409" [_thread_blocked, id=9532, stack(0x000000003e800000,0x000000003e900000)]
  0x0000000020e50800 JavaThread "WebSocketWorker-407" [_thread_blocked, id=8692, stack(0x000000003e600000,0x000000003e700000)]
  0x000000001c572800 JavaThread "WebSocketWorker-406" [_thread_blocked, id=392, stack(0x000000003e500000,0x000000003e600000)]
  0x000000001c578800 JavaThread "WebSocketWorker-405" [_thread_blocked, id=1368, stack(0x000000003e400000,0x000000003e500000)]
  0x00000000203c1000 JavaThread "WebSocketWorker-404" [_thread_blocked, id=13160, stack(0x000000003e300000,0x000000003e400000)]
  0x00000000203bf800 JavaThread "WebSocketWorker-403" [_thread_blocked, id=13372, stack(0x000000003e200000,0x000000003e300000)]
  0x00000000203be800 JavaThread "WebSocketWorker-402" [_thread_blocked, id=12960, stack(0x000000003e100000,0x000000003e200000)]
  0x00000000203c0000 JavaThread "WebSocketWorker-401" [_thread_blocked, id=6428, stack(0x000000003e000000,0x000000003e100000)]
  0x00000000203be000 JavaThread "WebSocketWorker-400" [_thread_blocked, id=10260, stack(0x000000003df00000,0x000000003e000000)]
  0x00000000203b5800 JavaThread "http-nio-8080-Acceptor-0" daemon [_thread_in_native, id=7732, stack(0x000000003de00000,0x000000003df00000)]
  0x00000000203bc800 JavaThread "http-nio-8080-ClientPoller-1" daemon [_thread_in_native, id=3120, stack(0x000000003dd00000,0x000000003de00000)]
  0x00000000203bb800 JavaThread "http-nio-8080-ClientPoller-0" daemon [_thread_in_native, id=7480, stack(0x000000003dc00000,0x000000003dd00000)]
  0x00000000203b4000 JavaThread "http-nio-8080-exec-10" daemon [_thread_blocked, id=7908, stack(0x000000003db00000,0x000000003dc00000)]
  0x00000000203ba000 JavaThread "http-nio-8080-exec-9" daemon [_thread_blocked, id=14704, stack(0x000000003da00000,0x000000003db00000)]
  0x00000000203b9800 JavaThread "http-nio-8080-exec-8" daemon [_thread_blocked, id=18404, stack(0x000000003d900000,0x000000003da00000)]
  0x00000000203b2000 JavaThread "http-nio-8080-exec-7" daemon [_thread_blocked, id=8188, stack(0x000000003d800000,0x000000003d900000)]
  0x00000000203b2800 JavaThread "http-nio-8080-exec-6" daemon [_thread_blocked, id=13712, stack(0x000000003d700000,0x000000003d800000)]
  0x00000000203b5000 JavaThread "http-nio-8080-exec-5" daemon [_thread_blocked, id=5040, stack(0x000000003d600000,0x000000003d700000)]
  0x00000000203b8800 JavaThread "http-nio-8080-exec-4" daemon [_thread_blocked, id=1176, stack(0x000000003d500000,0x000000003d600000)]
  0x00000000203b3800 JavaThread "http-nio-8080-exec-3" daemon [_thread_blocked, id=9240, stack(0x000000003d400000,0x000000003d500000)]
  0x00000000203b8000 JavaThread "http-nio-8080-exec-2" daemon [_thread_in_native, id=13248, stack(0x000000003d300000,0x000000003d400000)]
  0x00000000214b5000 JavaThread "http-nio-8080-exec-1" daemon [_thread_blocked, id=2160, stack(0x000000003d200000,0x000000003d300000)]
  0x00000000214b4800 JavaThread "NioBlockingSelector.BlockPoller-7" daemon [_thread_in_native, id=16376, stack(0x000000003d100000,0x000000003d200000)]
  0x00000000214b3800 JavaThread "File Watcher" daemon [_thread_blocked, id=4404, stack(0x000000003d000000,0x000000003d100000)]
  0x00000000214b3000 JavaThread "quartzScheduler_QuartzSchedulerThread" [_thread_blocked, id=11140, stack(0x000000003cf00000,0x000000003d000000)]
  0x00000000214b2000 JavaThread "quartzScheduler_Worker-10" [_thread_blocked, id=3368, stack(0x000000003ce00000,0x000000003cf00000)]
  0x00000000214b0000 JavaThread "quartzScheduler_Worker-9" [_thread_blocked, id=3380, stack(0x000000003cd00000,0x000000003ce00000)]
  0x00000000214b1800 JavaThread "quartzScheduler_Worker-8" [_thread_blocked, id=1712, stack(0x000000003cc00000,0x000000003cd00000)]
  0x00000000214af000 JavaThread "quartzScheduler_Worker-7" [_thread_blocked, id=15284, stack(0x000000003cb00000,0x000000003cc00000)]
  0x00000000214b0800 JavaThread "quartzScheduler_Worker-6" [_thread_blocked, id=1812, stack(0x000000003ca00000,0x000000003cb00000)]
  0x00000000214aa800 JavaThread "quartzScheduler_Worker-5" [_thread_blocked, id=6288, stack(0x000000003c900000,0x000000003ca00000)]
  0x00000000214ae800 JavaThread "quartzScheduler_Worker-4" [_thread_blocked, id=2032, stack(0x000000003c800000,0x000000003c900000)]
  0x00000000214aa000 JavaThread "quartzScheduler_Worker-3" [_thread_blocked, id=6664, stack(0x000000003c700000,0x000000003c800000)]
  0x00000000214ad800 JavaThread "quartzScheduler_Worker-2" [_thread_blocked, id=4308, stack(0x000000003c600000,0x000000003c700000)]
  0x00000000214a9000 JavaThread "quartzScheduler_Worker-1" [_thread_blocked, id=7556, stack(0x000000003c500000,0x000000003c600000)]
  0x00000000214ab800 JavaThread "Druid-ConnectionPool-Destroy-916530286" daemon [_thread_blocked, id=16156, stack(0x000000003c400000,0x000000003c500000)]
  0x00000000214a6000 JavaThread "Druid-ConnectionPool-Create-916530286" daemon [_thread_blocked, id=12388, stack(0x000000003c300000,0x000000003c400000)]
  0x00000000214ad000 JavaThread "container-0" [_thread_blocked, id=9200, stack(0x000000003c200000,0x000000003c300000)]
  0x00000000213ca000 JavaThread "Catalina-utility-1" [_thread_blocked, id=6652, stack(0x000000003c100000,0x000000003c200000)]
  0x00000000213c8800 JavaThread "org%002efh%002erealm%002e%004dy%0053hiro%0052ealm%002eauthorization%0043ache%002e6.data" [_thread_blocked, id=12412, stack(0x000000003c000000,0x000000003c100000)]
  0x00000000213c5800 JavaThread "menucache.data" [_thread_blocked, id=3728, stack(0x000000003be00000,0x000000003bf00000)]
  0x00000000213c9000 JavaThread "net.sf.ehcache.CacheManager@947dbd4" daemon [_thread_blocked, id=18156, stack(0x000000003bd00000,0x000000003be00000)]
  0x00000000213c4000 JavaThread "WebSocketWorker-359" [_thread_blocked, id=17400, stack(0x000000003b700000,0x000000003b800000)]
  0x00000000213bc800 JavaThread "WebSocketWorker-358" [_thread_blocked, id=1328, stack(0x000000003b600000,0x000000003b700000)]
  0x00000000213c3000 JavaThread "WebSocketWorker-357" [_thread_blocked, id=6944, stack(0x000000003b500000,0x000000003b600000)]
  0x00000000213be800 JavaThread "WebSocketWorker-356" [_thread_blocked, id=11484, stack(0x000000003b400000,0x000000003b500000)]
  0x00000000213c2800 JavaThread "WebSocketWorker-355" [_thread_blocked, id=2652, stack(0x000000003b300000,0x000000003b400000)]
  0x00000000213bb000 JavaThread "WebSocketWorker-354" [_thread_blocked, id=5696, stack(0x000000003b200000,0x000000003b300000)]
  0x00000000213be000 JavaThread "WebSocketWorker-353" [_thread_blocked, id=13696, stack(0x000000003b100000,0x000000003b200000)]
  0x00000000213bb800 JavaThread "WebSocketWorker-352" [_thread_blocked, id=9356, stack(0x000000003b000000,0x000000003b100000)]
  0x00000000213bf800 JavaThread "WebSocketWorker-350" [_thread_blocked, id=11648, stack(0x000000003ae00000,0x000000003af00000)]
  0x00000000213bd000 JavaThread "WebSocketWorker-349" [_thread_blocked, id=16980, stack(0x000000003ad00000,0x000000003ae00000)]
  0x00000000213c1800 JavaThread "WebSocketWorker-348" [_thread_blocked, id=13244, stack(0x000000003ac00000,0x000000003ad00000)]
  0x00000000213c1000 JavaThread "WebSocketWorker-347" [_thread_blocked, id=15976, stack(0x000000003ab00000,0x000000003ac00000)]
  0x00000000213c0000 JavaThread "WebSocketWorker-346" [_thread_blocked, id=2544, stack(0x000000003aa00000,0x000000003ab00000)]
  0x000000001ca33000 JavaThread "WebSocketWorker-345" [_thread_blocked, id=9464, stack(0x000000003a900000,0x000000003aa00000)]
  0x000000002151f800 JavaThread "WebSocketWorker-344" [_thread_blocked, id=3956, stack(0x000000003a800000,0x000000003a900000)]
  0x00000000203bd000 JavaThread "WebSocketWorker-343" [_thread_blocked, id=13748, stack(0x000000003a700000,0x000000003a800000)]
  0x000000001c577000 JavaThread "WebSocketWorker-302" [_thread_blocked, id=4924, stack(0x0000000037f00000,0x0000000038000000)]
  0x000000001c56f800 JavaThread "WebSocketWorker-301" [_thread_blocked, id=3820, stack(0x0000000037e00000,0x0000000037f00000)]
  0x0000000022c0d800 JavaThread "WebSocketWorker-300" [_thread_blocked, id=1184, stack(0x0000000037d00000,0x0000000037e00000)]
  0x0000000022c0c800 JavaThread "WebSocketWorker-299" [_thread_blocked, id=5452, stack(0x0000000037c00000,0x0000000037d00000)]
  0x0000000022c12000 JavaThread "WebSocketWorker-298" [_thread_blocked, id=13240, stack(0x0000000037b00000,0x0000000037c00000)]
  0x0000000022c13800 JavaThread "WebSocketWorker-297" [_thread_blocked, id=4792, stack(0x0000000037a00000,0x0000000037b00000)]
  0x0000000022c11000 JavaThread "WebSocketWorker-296" [_thread_blocked, id=15868, stack(0x0000000037900000,0x0000000037a00000)]
  0x0000000022c10800 JavaThread "WebSocketWorker-295" [_thread_blocked, id=10168, stack(0x0000000037800000,0x0000000037900000)]
  0x0000000022c12800 JavaThread "WebSocketWorker-293" [_thread_blocked, id=4880, stack(0x0000000037600000,0x0000000037700000)]
  0x0000000022c0f000 JavaThread "WebSocketWorker-292" [_thread_blocked, id=13452, stack(0x0000000037500000,0x0000000037600000)]
  0x0000000022c0c000 JavaThread "WebSocketWorker-291" [_thread_blocked, id=9496, stack(0x0000000037400000,0x0000000037500000)]
  0x0000000022c0e000 JavaThread "WebSocketWorker-290" [_thread_blocked, id=3736, stack(0x0000000037300000,0x0000000037400000)]
  0x0000000022c05000 JavaThread "WebSocketWorker-289" [_thread_blocked, id=18220, stack(0x0000000037200000,0x0000000037300000)]
  0x0000000022c04800 JavaThread "WebSocketWorker-288" [_thread_blocked, id=13120, stack(0x0000000037100000,0x0000000037200000)]
  0x0000000022c07800 JavaThread "WebSocketWorker-287" [_thread_blocked, id=10180, stack(0x0000000037000000,0x0000000037100000)]
  0x0000000022c09800 JavaThread "WebSocketWorker-286" [_thread_blocked, id=15568, stack(0x0000000036f00000,0x0000000037000000)]
  0x00000000203b6800 JavaThread "WebSocketWorker-245" [_thread_blocked, id=7516, stack(0x0000000034600000,0x0000000034700000)]
  0x00000000203b7000 JavaThread "WebSocketWorker-244" [_thread_blocked, id=13952, stack(0x0000000034500000,0x0000000034600000)]
  0x000000001ca40800 JavaThread "WebSocketWorker-243" [_thread_blocked, id=17988, stack(0x0000000034400000,0x0000000034500000)]
  0x000000001ca3f000 JavaThread "WebSocketWorker-242" [_thread_blocked, id=8464, stack(0x0000000034300000,0x0000000034400000)]
  0x000000001ca37800 JavaThread "WebSocketWorker-241" [_thread_blocked, id=16720, stack(0x0000000034200000,0x0000000034300000)]
  0x000000001ca3e000 JavaThread "WebSocketWorker-240" [_thread_blocked, id=16108, stack(0x0000000034100000,0x0000000034200000)]
  0x000000001ca3c800 JavaThread "WebSocketWorker-239" [_thread_blocked, id=6520, stack(0x0000000034000000,0x0000000034100000)]
  0x000000001ca3c000 JavaThread "WebSocketWorker-238" [_thread_blocked, id=16136, stack(0x0000000033f00000,0x0000000034000000)]
  0x000000001ca3b000 JavaThread "WebSocketWorker-236" [_thread_blocked, id=2520, stack(0x0000000033d00000,0x0000000033e00000)]
  0x000000001ca3d800 JavaThread "WebSocketWorker-235" [_thread_blocked, id=2156, stack(0x0000000033c00000,0x0000000033d00000)]
  0x000000001c579800 JavaThread "WebSocketWorker-234" [_thread_blocked, id=7448, stack(0x0000000033b00000,0x0000000033c00000)]
  0x000000001c57d000 JavaThread "WebSocketWorker-233" [_thread_blocked, id=8340, stack(0x0000000033a00000,0x0000000033b00000)]
  0x000000001c57c800 JavaThread "WebSocketWorker-232" [_thread_blocked, id=12116, stack(0x0000000033900000,0x0000000033a00000)]
  0x000000001c572000 JavaThread "WebSocketWorker-231" [_thread_blocked, id=3448, stack(0x0000000033800000,0x0000000033900000)]
  0x000000001c578000 JavaThread "WebSocketWorker-230" [_thread_blocked, id=7492, stack(0x0000000033700000,0x0000000033800000)]
  0x000000001c573800 JavaThread "WebSocketWorker-229" [_thread_blocked, id=2444, stack(0x0000000033600000,0x0000000033700000)]
  0x0000000022c08000 JavaThread "WebSocketWorker-188" [_thread_blocked, id=16428, stack(0x0000000030e00000,0x0000000030f00000)]
  0x0000000022c06800 JavaThread "WebSocketWorker-187" [_thread_blocked, id=15792, stack(0x0000000030d00000,0x0000000030e00000)]
  0x0000000022c0a800 JavaThread "WebSocketWorker-186" [_thread_blocked, id=9176, stack(0x0000000030c00000,0x0000000030d00000)]
  0x0000000022c0b000 JavaThread "WebSocketWorker-185" [_thread_blocked, id=17968, stack(0x0000000030b00000,0x0000000030c00000)]
  0x0000000022c09000 JavaThread "WebSocketWorker-184" [_thread_blocked, id=5948, stack(0x0000000030a00000,0x0000000030b00000)]
  0x0000000022c06000 JavaThread "WebSocketWorker-183" [_thread_blocked, id=4284, stack(0x0000000030900000,0x0000000030a00000)]
  0x0000000019b1b000 JavaThread "WebSocketWorker-182" [_thread_blocked, id=14752, stack(0x0000000030800000,0x0000000030900000)]
  0x0000000019b18800 JavaThread "WebSocketWorker-181" [_thread_blocked, id=17920, stack(0x0000000030700000,0x0000000030800000)]
  0x0000000021523800 JavaThread "WebSocketWorker-179" [_thread_blocked, id=10844, stack(0x0000000030500000,0x0000000030600000)]
  0x0000000021522800 JavaThread "WebSocketWorker-178" [_thread_blocked, id=2004, stack(0x0000000030400000,0x0000000030500000)]
  0x0000000021522000 JavaThread "WebSocketWorker-177" [_thread_blocked, id=14476, stack(0x0000000030300000,0x0000000030400000)]
  0x0000000021520800 JavaThread "WebSocketWorker-176" [_thread_blocked, id=14240, stack(0x0000000030200000,0x0000000030300000)]
  0x000000002151f000 JavaThread "WebSocketWorker-175" [_thread_blocked, id=4312, stack(0x0000000030100000,0x0000000030200000)]
  0x0000000021525000 JavaThread "WebSocketWorker-174" [_thread_blocked, id=13680, stack(0x0000000030000000,0x0000000030100000)]
  0x000000001ca42000 JavaThread "WebSocketWorker-173" [_thread_blocked, id=12348, stack(0x000000002ff00000,0x0000000030000000)]
  0x000000001ca41000 JavaThread "WebSocketWorker-172" [_thread_blocked, id=17800, stack(0x000000002fe00000,0x000000002ff00000)]
  0x000000001c576800 JavaThread "WebSocketWorker-131" [_thread_blocked, id=4324, stack(0x000000002d400000,0x000000002d500000)]
  0x000000001c575800 JavaThread "WebSocketWorker-130" [_thread_blocked, id=17144, stack(0x000000002d300000,0x000000002d400000)]
  0x000000001c56e000 JavaThread "WebSocketWorker-129" [_thread_blocked, id=8548, stack(0x000000002d200000,0x000000002d300000)]
  0x000000001c56f000 JavaThread "WebSocketWorker-128" [_thread_blocked, id=860, stack(0x000000002d100000,0x000000002d200000)]
  0x000000001c570800 JavaThread "WebSocketWorker-127" [_thread_blocked, id=12816, stack(0x000000002d000000,0x000000002d100000)]
  0x000000001c574000 JavaThread "WebSocketWorker-126" [_thread_blocked, id=15532, stack(0x000000002cf00000,0x000000002d000000)]
  0x000000001c575000 JavaThread "WebSocketWorker-125" [_thread_blocked, id=3972, stack(0x000000002ce00000,0x000000002cf00000)]
  0x000000002053d000 JavaThread "WebSocketWorker-124" [_thread_blocked, id=14260, stack(0x000000002cd00000,0x000000002ce00000)]
  0x0000000020541000 JavaThread "WebSocketWorker-122" [_thread_blocked, id=13380, stack(0x000000002cb00000,0x000000002cc00000)]
  0x000000002053b800 JavaThread "WebSocketWorker-121" [_thread_blocked, id=9268, stack(0x000000002ca00000,0x000000002cb00000)]
  0x000000002053f800 JavaThread "WebSocketWorker-120" [_thread_blocked, id=9120, stack(0x000000002c900000,0x000000002ca00000)]
  0x000000002053b000 JavaThread "WebSocketWorker-119" [_thread_blocked, id=9460, stack(0x000000002c800000,0x000000002c900000)]
  0x0000000019b19800 JavaThread "WebSocketWorker-118" [_thread_blocked, id=12192, stack(0x000000002c700000,0x000000002c800000)]
  0x0000000019b1c800 JavaThread "WebSocketWorker-117" [_thread_blocked, id=11556, stack(0x000000002c600000,0x000000002c700000)]
  0x0000000019b1b800 JavaThread "WebSocketWorker-116" [_thread_blocked, id=11004, stack(0x000000002c500000,0x000000002c600000)]
  0x0000000019b18000 JavaThread "WebSocketWorker-115" [_thread_blocked, id=7460, stack(0x000000002c400000,0x000000002c500000)]
  0x000000001ca39000 JavaThread "DestroyJavaVM" [_thread_blocked, id=18164, stack(0x0000000002a50000,0x0000000002b50000)]
  0x000000001ca36000 JavaThread "Timer-1" [_thread_blocked, id=11592, stack(0x00000000281a0000,0x00000000282a0000)]
  0x000000001ca38000 JavaThread "WebsocketSelector73" [_thread_in_native, id=16928, stack(0x00000000280a0000,0x00000000281a0000)]
  0x000000001ca34800 JavaThread "WebSocketWorker-72" [_thread_blocked, id=13356, stack(0x0000000027fa0000,0x00000000280a0000)]
  0x000000001ca33800 JavaThread "WebSocketWorker-71" [_thread_blocked, id=14940, stack(0x0000000027ea0000,0x0000000027fa0000)]
  0x0000000020549800 JavaThread "WebSocketWorker-70" [_thread_blocked, id=12752, stack(0x0000000027da0000,0x0000000027ea0000)]
  0x0000000020548800 JavaThread "WebSocketWorker-69" [_thread_blocked, id=8080, stack(0x0000000027ca0000,0x0000000027da0000)]
  0x0000000020548000 JavaThread "WebSocketWorker-68" [_thread_blocked, id=10784, stack(0x0000000027ba0000,0x0000000027ca0000)]
  0x0000000020540000 JavaThread "WebSocketWorker-67" [_thread_blocked, id=9376, stack(0x0000000027aa0000,0x0000000027ba0000)]
  0x0000000020547000 JavaThread "WebSocketWorker-66" [_thread_blocked, id=3676, stack(0x00000000279a0000,0x0000000027aa0000)]
  0x0000000020546800 JavaThread "WebSocketWorker-65" [_thread_blocked, id=11992, stack(0x00000000278a0000,0x00000000279a0000)]
  0x000000002053e800 JavaThread "Timer-0" [_thread_blocked, id=11212, stack(0x00000000277a0000,0x00000000278a0000)]
  0x0000000020545800 JavaThread "WebsocketSelector63" [_thread_in_native, id=15696, stack(0x00000000276a0000,0x00000000277a0000)]
  0x0000000020545000 JavaThread "WebSocketWorker-62" [_thread_blocked, id=15720, stack(0x00000000275a0000,0x00000000276a0000)]
  0x0000000020544000 JavaThread "WebSocketWorker-61" [_thread_blocked, id=9060, stack(0x00000000274a0000,0x00000000275a0000)]
  0x0000000020542800 JavaThread "WebSocketWorker-60" [_thread_blocked, id=2852, stack(0x00000000273a0000,0x00000000274a0000)]
  0x0000000020541800 JavaThread "WebSocketWorker-59" [_thread_blocked, id=10624, stack(0x00000000272a0000,0x00000000273a0000)]
  0x0000000020543000 JavaThread "WebSocketWorker-58" [_thread_blocked, id=9152, stack(0x00000000271a0000,0x00000000272a0000)]
  0x000000002053e000 JavaThread "WebSocketWorker-57" [_thread_blocked, id=10876, stack(0x00000000270a0000,0x00000000271a0000)]
  0x000000002053a000 JavaThread "WebSocketWorker-56" [_thread_blocked, id=13008, stack(0x0000000026fa0000,0x00000000270a0000)]
  0x000000002053c800 JavaThread "WebSocketWorker-55" [_thread_blocked, id=14096, stack(0x0000000026ea0000,0x0000000026fa0000)]
  0x00000000214a7800 JavaThread "Live Reload Server" daemon [_thread_in_native, id=7400, stack(0x0000000025c00000,0x0000000025d00000)]
  0x0000000019b1e800 JavaThread "Abandoned connection cleanup thread" daemon [_thread_blocked, id=7700, stack(0x0000000021f30000,0x0000000022030000)]
  0x0000000019baa800 JavaThread "Service Thread" daemon [_thread_blocked, id=492, stack(0x000000001a480000,0x000000001a580000)]
  0x0000000019b1a000 JavaThread "C1 CompilerThread3" daemon [_thread_blocked, id=15752, stack(0x000000001a380000,0x000000001a480000)]
  0x0000000019b11800 JavaThread "C2 CompilerThread2" daemon [_thread_blocked, id=10252, stack(0x000000001a280000,0x000000001a380000)]
  0x0000000019b0e000 JavaThread "C2 CompilerThread1" daemon [_thread_blocked, id=9340, stack(0x000000001a180000,0x000000001a280000)]
=>0x0000000019b0c000 JavaThread "C2 CompilerThread0" daemon [_thread_in_native, id=8504, stack(0x000000001a080000,0x000000001a180000)]
  0x0000000019b0b800 JavaThread "Attach Listener" daemon [_thread_blocked, id=8028, stack(0x0000000019f80000,0x000000001a080000)]
  0x0000000019ac0800 JavaThread "Signal Dispatcher" daemon [_thread_blocked, id=4040, stack(0x0000000019e80000,0x0000000019f80000)]
  0x0000000002c9b800 JavaThread "Finalizer" daemon [_thread_blocked, id=16692, stack(0x0000000019980000,0x0000000019a80000)]
  0x0000000017a9c800 JavaThread "Reference Handler" daemon [_thread_blocked, id=17340, stack(0x0000000019880000,0x0000000019980000)]

Other Threads:
  0x0000000017a98800 VMThread [stack: 0x0000000019780000,0x0000000019880000] [id=15704]
  0x0000000019bad800 WatcherThread [stack: 0x000000001a580000,0x000000001a680000] [id=2764]

VM state:not at safepoint (normal execution)

VM Mutex/Monitor currently owned by a thread: None

Heap:
 PSYoungGen      total 28672K, used 23217K [0x00000000d6b80000, 0x00000000d8900000, 0x0000000100000000)
  eden space 27136K, 83% used [0x00000000d6b80000,0x00000000d81bc438,0x00000000d8600000)
  from space 1536K, 29% used [0x00000000d8780000,0x00000000d87f0000,0x00000000d8900000)
  to   space 1536K, 0% used [0x00000000d8600000,0x00000000d8600000,0x00000000d8780000)
 ParOldGen       total 144896K, used 105566K [0x0000000084200000, 0x000000008cf80000, 0x00000000d6b80000)
  object space 144896K, 72% used [0x0000000084200000,0x000000008a917a08,0x000000008cf80000)
 Metaspace       used 108596K, capacity 114564K, committed 114776K, reserved 1153024K
  class space    used 11157K, capacity 11857K, committed 11864K, reserved 1048576K

Card table byte_map: [0x0000000012060000,0x0000000012440000] byte_map_base: 0x0000000011c3f000

Marking Bits: (ParMarkBitMap*) 0x00000000622bd490
 Begin Bits: [0x0000000012ee0000, 0x0000000014dd8000)
 End Bits:   [0x0000000014dd8000, 0x0000000016cd0000)

Polling page: 0x0000000000850000

CodeCache: size=245760Kb used=60064Kb max_used=60097Kb free=185695Kb
 bounds [0x0000000002ca0000, 0x00000000067b0000, 0x0000000011ca0000]
 total_blobs=15680 nmethods=14928 adapters=663
 compilation: enabled

Compilation events (10 events):
Event: 19626.018 Thread 0x0000000019b1a000 nmethod 19418 0x000000000317f210 code [0x000000000317f380, 0x000000000317f4e8]
Event: 19626.077 Thread 0x0000000019b1a000 19419       3       com.mysql.cj.protocol.a.NativeServerSession::getServerVariable (14 bytes)
Event: 19626.077 Thread 0x0000000019b1a000 nmethod 19419 0x0000000006798110 code [0x0000000006798280, 0x0000000006798588]
Event: 19626.129 Thread 0x0000000019b1a000 19420       3       org.springframework.aop.framework.AdvisedSupport$MethodCacheKey::equals (32 bytes)
Event: 19626.129 Thread 0x0000000019b1a000 nmethod 19420 0x000000000594e290 code [0x000000000594e400, 0x000000000594e810]
Event: 19626.558 Thread 0x0000000019b11800 19421       4       java.lang.Class::privateGetDeclaredFields (67 bytes)
Event: 19626.564 Thread 0x0000000019b11800 nmethod 19421 0x0000000003af3710 code [0x0000000003af38e0, 0x0000000003af4028]
Event: 19627.693 Thread 0x0000000019b0c000 19422   !   4       com.mysql.cj.NativeSession::execSQL (646 bytes)
Event: 19627.751 Thread 0x0000000019b0e000 19423   !   4       com.mysql.cj.protocol.a.NativeProtocol::sendQueryPacket (1153 bytes)
Event: 19627.910 Thread 0x0000000019b0e000 nmethod 19423 0x0000000003789a50 code [0x0000000003789c80, 0x000000000378aa30]

GC Heap History (10 events):
Event: 19597.967 GC heap before
{Heap before GC invocations=2353 (full 9):
 PSYoungGen      total 28672K, used 28000K [0x00000000d6b80000, 0x00000000d8900000, 0x0000000100000000)
  eden space 27136K, 100% used [0x00000000d6b80000,0x00000000d8600000,0x00000000d8600000)
  from space 1536K, 56% used [0x00000000d8600000,0x00000000d86d8000,0x00000000d8780000)
  to   space 1536K, 0% used [0x00000000d8780000,0x00000000d8780000,0x00000000d8900000)
 ParOldGen       total 144896K, used 105566K [0x0000000084200000, 0x000000008cf80000, 0x00000000d6b80000)
  object space 144896K, 72% used [0x0000000084200000,0x000000008a917a08,0x000000008cf80000)
 Metaspace       used 108595K, capacity 114564K, committed 114776K, reserved 1153024K
  class space    used 11157K, capacity 11857K, committed 11864K, reserved 1048576K
Event: 19597.969 GC heap after
Heap after GC invocations=2353 (full 9):
 PSYoungGen      total 28672K, used 608K [0x00000000d6b80000, 0x00000000d8900000, 0x0000000100000000)
  eden space 27136K, 0% used [0x00000000d6b80000,0x00000000d6b80000,0x00000000d8600000)
  from space 1536K, 39% used [0x00000000d8780000,0x00000000d8818000,0x00000000d8900000)
  to   space 1536K, 0% used [0x00000000d8600000,0x00000000d8600000,0x00000000d8780000)
 ParOldGen       total 144896K, used 105566K [0x0000000084200000, 0x000000008cf80000, 0x00000000d6b80000)
  object space 144896K, 72% used [0x0000000084200000,0x000000008a917a08,0x000000008cf80000)
 Metaspace       used 108595K, capacity 114564K, committed 114776K, reserved 1153024K
  class space    used 11157K, capacity 11857K, committed 11864K, reserved 1048576K
}
Event: 19604.754 GC heap before
{Heap before GC invocations=2354 (full 9):
 PSYoungGen      total 28672K, used 27744K [0x00000000d6b80000, 0x00000000d8900000, 0x0000000100000000)
  eden space 27136K, 100% used [0x00000000d6b80000,0x00000000d8600000,0x00000000d8600000)
  from space 1536K, 39% used [0x00000000d8780000,0x00000000d8818000,0x00000000d8900000)
  to   space 1536K, 0% used [0x00000000d8600000,0x00000000d8600000,0x00000000d8780000)
 ParOldGen       total 144896K, used 105566K [0x0000000084200000, 0x000000008cf80000, 0x00000000d6b80000)
  object space 144896K, 72% used [0x0000000084200000,0x000000008a917a08,0x000000008cf80000)
 Metaspace       used 108595K, capacity 114564K, committed 114776K, reserved 1153024K
  class space    used 11157K, capacity 11857K, committed 11864K, reserved 1048576K
Event: 19604.756 GC heap after
Heap after GC invocations=2354 (full 9):
 PSYoungGen      total 28672K, used 288K [0x00000000d6b80000, 0x00000000d8900000, 0x0000000100000000)
  eden space 27136K, 0% used [0x00000000d6b80000,0x00000000d6b80000,0x00000000d8600000)
  from space 1536K, 18% used [0x00000000d8600000,0x00000000d8648000,0x00000000d8780000)
  to   space 1536K, 0% used [0x00000000d8780000,0x00000000d8780000,0x00000000d8900000)
 ParOldGen       total 144896K, used 105566K [0x0000000084200000, 0x000000008cf80000, 0x00000000d6b80000)
  object space 144896K, 72% used [0x0000000084200000,0x000000008a917a08,0x000000008cf80000)
 Metaspace       used 108595K, capacity 114564K, committed 114776K, reserved 1153024K
  class space    used 11157K, capacity 11857K, committed 11864K, reserved 1048576K
}
Event: 19610.977 GC heap before
{Heap before GC invocations=2355 (full 9):
 PSYoungGen      total 28672K, used 27424K [0x00000000d6b80000, 0x00000000d8900000, 0x0000000100000000)
  eden space 27136K, 100% used [0x00000000d6b80000,0x00000000d8600000,0x00000000d8600000)
  from space 1536K, 18% used [0x00000000d8600000,0x00000000d8648000,0x00000000d8780000)
  to   space 1536K, 0% used [0x00000000d8780000,0x00000000d8780000,0x00000000d8900000)
 ParOldGen       total 144896K, used 105566K [0x0000000084200000, 0x000000008cf80000, 0x00000000d6b80000)
  object space 144896K, 72% used [0x0000000084200000,0x000000008a917a08,0x000000008cf80000)
 Metaspace       used 108595K, capacity 114564K, committed 114776K, reserved 1153024K
  class space    used 11157K, capacity 11857K, committed 11864K, reserved 1048576K
Event: 19610.980 GC heap after
Heap after GC invocations=2355 (full 9):
 PSYoungGen      total 28672K, used 864K [0x00000000d6b80000, 0x00000000d8900000, 0x0000000100000000)
  eden space 27136K, 0% used [0x00000000d6b80000,0x00000000d6b80000,0x00000000d8600000)
  from space 1536K, 56% used [0x00000000d8780000,0x00000000d8858000,0x00000000d8900000)
  to   space 1536K, 0% used [0x00000000d8600000,0x00000000d8600000,0x00000000d8780000)
 ParOldGen       total 144896K, used 105566K [0x0000000084200000, 0x000000008cf80000, 0x00000000d6b80000)
  object space 144896K, 72% used [0x0000000084200000,0x000000008a917a08,0x000000008cf80000)
 Metaspace       used 108595K, capacity 114564K, committed 114776K, reserved 1153024K
  class space    used 11157K, capacity 11857K, committed 11864K, reserved 1048576K
}
Event: 19617.395 GC heap before
{Heap before GC invocations=2356 (full 9):
 PSYoungGen      total 28672K, used 28000K [0x00000000d6b80000, 0x00000000d8900000, 0x0000000100000000)
  eden space 27136K, 100% used [0x00000000d6b80000,0x00000000d8600000,0x00000000d8600000)
  from space 1536K, 56% used [0x00000000d8780000,0x00000000d8858000,0x00000000d8900000)
  to   space 1536K, 0% used [0x00000000d8600000,0x00000000d8600000,0x00000000d8780000)
 ParOldGen       total 144896K, used 105566K [0x0000000084200000, 0x000000008cf80000, 0x00000000d6b80000)
  object space 144896K, 72% used [0x0000000084200000,0x000000008a917a08,0x000000008cf80000)
 Metaspace       used 108595K, capacity 114564K, committed 114776K, reserved 1153024K
  class space    used 11157K, capacity 11857K, committed 11864K, reserved 1048576K
Event: 19617.399 GC heap after
Heap after GC invocations=2356 (full 9):
 PSYoungGen      total 28672K, used 768K [0x00000000d6b80000, 0x00000000d8900000, 0x0000000100000000)
  eden space 27136K, 0% used [0x00000000d6b80000,0x00000000d6b80000,0x00000000d8600000)
  from space 1536K, 50% used [0x00000000d8600000,0x00000000d86c0000,0x00000000d8780000)
  to   space 1536K, 0% used [0x00000000d8780000,0x00000000d8780000,0x00000000d8900000)
 ParOldGen       total 144896K, used 105566K [0x0000000084200000, 0x000000008cf80000, 0x00000000d6b80000)
  object space 144896K, 72% used [0x0000000084200000,0x000000008a917a08,0x000000008cf80000)
 Metaspace       used 108595K, capacity 114564K, committed 114776K, reserved 1153024K
  class space    used 11157K, capacity 11857K, committed 11864K, reserved 1048576K
}
Event: 19624.178 GC heap before
{Heap before GC invocations=2357 (full 9):
 PSYoungGen      total 28672K, used 27904K [0x00000000d6b80000, 0x00000000d8900000, 0x0000000100000000)
  eden space 27136K, 100% used [0x00000000d6b80000,0x00000000d8600000,0x00000000d8600000)
  from space 1536K, 50% used [0x00000000d8600000,0x00000000d86c0000,0x00000000d8780000)
  to   space 1536K, 0% used [0x00000000d8780000,0x00000000d8780000,0x00000000d8900000)
 ParOldGen       total 144896K, used 105566K [0x0000000084200000, 0x000000008cf80000, 0x00000000d6b80000)
  object space 144896K, 72% used [0x0000000084200000,0x000000008a917a08,0x000000008cf80000)
 Metaspace       used 108595K, capacity 114564K, committed 114776K, reserved 1153024K
  class space    used 11157K, capacity 11857K, committed 11864K, reserved 1048576K
Event: 19624.180 GC heap after
Heap after GC invocations=2357 (full 9):
 PSYoungGen      total 28672K, used 448K [0x00000000d6b80000, 0x00000000d8900000, 0x0000000100000000)
  eden space 27136K, 0% used [0x00000000d6b80000,0x00000000d6b80000,0x00000000d8600000)
  from space 1536K, 29% used [0x00000000d8780000,0x00000000d87f0000,0x00000000d8900000)
  to   space 1536K, 0% used [0x00000000d8600000,0x00000000d8600000,0x00000000d8780000)
 ParOldGen       total 144896K, used 105566K [0x0000000084200000, 0x000000008cf80000, 0x00000000d6b80000)
  object space 144896K, 72% used [0x0000000084200000,0x000000008a917a08,0x000000008cf80000)
 Metaspace       used 108595K, capacity 114564K, committed 114776K, reserved 1153024K
  class space    used 11157K, capacity 11857K, committed 11864K, reserved 1048576K
}

Deoptimization events (10 events):
Event: 15427.804 Thread 0x00000000203b3800 Uncommon trap: reason=unreached action=reinterpret pc=0x00000000054c0f88 method=org.springframework.beans.factory.config.BeanExpressionContext.equals(Ljava/lang/Object;)Z @ 40
Event: 15427.847 Thread 0x00000000203b3800 Uncommon trap: reason=unreached action=reinterpret pc=0x00000000038130b0 method=org.springframework.beans.factory.config.BeanExpressionContext.equals(Ljava/lang/Object;)Z @ 40
Event: 15427.878 Thread 0x00000000203b3800 Uncommon trap: reason=class_check action=maybe_recompile pc=0x0000000003d18ab0 method=org.springframework.core.ResolvableType.forMethodParameter(Lorg/springframework/core/MethodParameter;Ljava/lang/reflect/Type;)Lorg/springframework/core/ResolvableType; @ ÊÚ’D™"Œ@
Event: 15429.330 Thread 0x00000000203b8800 Uncommon trap: reason=class_check action=maybe_recompile pc=0x0000000003d18ab0 method=org.springframework.core.ResolvableType.forMethodParameter(Lorg/springframework/core/MethodParameter;Ljava/lang/reflect/Type;)Lorg/springframework/core/ResolvableType; @ ëÀ$è#Œ@
Event: 15430.176 Thread 0x00000000203b8800 Uncommon trap: reason=bimorphic action=maybe_recompile pc=0x0000000004921cc8 method=java.util.AbstractList.hashCode()I @ 36
Event: 15430.571 Thread 0x00000000203b8800 Uncommon trap: reason=bimorphic action=maybe_recompile pc=0x0000000004921cc8 method=java.util.AbstractList.hashCode()I @ 36
Event: 15430.571 Thread 0x00000000203b8800 Uncommon trap: reason=bimorphic action=maybe_recompile pc=0x0000000004921cc8 method=java.util.AbstractList.hashCode()I @ 36
Event: 15430.573 Thread 0x00000000203b8800 Uncommon trap: reason=bimorphic action=maybe_recompile pc=0x0000000004921cc8 method=java.util.AbstractList.hashCode()I @ 36
Event: 15431.040 Thread 0x00000000203b2800 Uncommon trap: reason=class_check action=maybe_recompile pc=0x0000000003d18ab0 method=org.springframework.core.ResolvableType.forMethodParameter(Lorg/springframework/core/MethodParameter;Ljava/lang/reflect/Type;)Lorg/springframework/core/ResolvableType; @ + £Ú;(Œ@
Event: 15440.468 Thread 0x00000000203ba000 Uncommon trap: reason=class_check action=maybe_recompile pc=0x0000000003d18ab0 method=org.springframework.core.ResolvableType.forMethodParameter(Lorg/springframework/core/MethodParameter;Ljava/lang/reflect/Type;)Lorg/springframework/core/ResolvableType; @ 7ô„Ê!Œ@

Internal exceptions (10 events):
Event: 16256.747 Thread 0x00000000203b8800 Exception <a 'java/lang/NullPointerException'> (0x00000000d7758318) thrown at [D:\re\workspace\8-2-build-windows-amd64-cygwin\jdk8u25\1677\hotspot\src\share\vm\runtime\sharedRuntime.cpp, line 1084]
Event: 16257.748 Thread 0x00000000203b8800 Exception <a 'java/net/SocketTimeoutException': Read timed out> (0x00000000d7759828) thrown at [D:\re\workspace\8-2-build-windows-amd64-cygwin\jdk8u25\1677\hotspot\src\share\vm\prims\jni.cpp, line 742]
Event: 16257.749 Thread 0x00000000203b8800 Exception <a 'java/lang/NullPointerException'> (0x00000000d8080c70) thrown at [D:\re\workspace\8-2-build-windows-amd64-cygwin\jdk8u25\1677\hotspot\src\share\vm\runtime\sharedRuntime.cpp, line 1084]
Event: 16727.670 Thread 0x00000000203b4000 Exception <a 'java/net/SocketTimeoutException': Read timed out> (0x00000000d6fb8bd8) thrown at [D:\re\workspace\8-2-build-windows-amd64-cygwin\jdk8u25\1677\hotspot\src\share\vm\prims\jni.cpp, line 742]
Event: 16727.672 Thread 0x00000000203b4000 Exception <a 'java/lang/NullPointerException'> (0x00000000d6fbb968) thrown at [D:\re\workspace\8-2-build-windows-amd64-cygwin\jdk8u25\1677\hotspot\src\share\vm\runtime\sharedRuntime.cpp, line 1084]
Event: 16727.681 Thread 0x00000000203b4000 Exception <a 'java/security/PrivilegedActionException'> (0x00000000d6fbd308) thrown at [D:\re\workspace\8-2-build-windows-amd64-cygwin\jdk8u25\1677\hotspot\src\share\vm\prims\jvm.cpp, line 1312]
Event: 16727.682 Thread 0x00000000203b4000 Exception <a 'java/security/PrivilegedActionException'> (0x00000000d7085178) thrown at [D:\re\workspace\8-2-build-windows-amd64-cygwin\jdk8u25\1677\hotspot\src\share\vm\prims\jvm.cpp, line 1312]
Event: 16727.682 Thread 0x00000000203b4000 Exception <a 'java/security/PrivilegedActionException'> (0x00000000d7086ab8) thrown at [D:\re\workspace\8-2-build-windows-amd64-cygwin\jdk8u25\1677\hotspot\src\share\vm\prims\jvm.cpp, line 1312]
Event: 16727.682 Thread 0x00000000203b4000 Exception <a 'java/security/PrivilegedActionException'> (0x00000000d7087968) thrown at [D:\re\workspace\8-2-build-windows-amd64-cygwin\jdk8u25\1677\hotspot\src\share\vm\prims\jvm.cpp, line 1312]
Event: 16727.683 Thread 0x00000000203b4000 Exception <a 'java/security/PrivilegedActionException'> (0x00000000d7140920) thrown at [D:\re\workspace\8-2-build-windows-amd64-cygwin\jdk8u25\1677\hotspot\src\share\vm\prims\jvm.cpp, line 1312]

Events (10 events):
Event: 19626.096 Executing VM operation: RevokeBias done
Event: 19626.096 Executing VM operation: RevokeBias
Event: 19626.097 Executing VM operation: RevokeBias done
Event: 19626.097 Executing VM operation: RevokeBias
Event: 19626.097 Executing VM operation: RevokeBias done
Event: 19626.097 Executing VM operation: RevokeBias
Event: 19626.097 Executing VM operation: RevokeBias done
Event: 19626.345 Executing VM operation: RevokeBias
Event: 19626.345 Executing VM operation: RevokeBias done
Event: 19626.564 Thread 0x0000000019b11800 flushing nmethod 0x0000000003785150


Dynamic libraries:
0x00007ff640ae0000 - 0x00007ff640b14000 	D:\tool\jdk1.8\jdk\jdk1.8\bin\javaw.exe
0x00007ffce5b50000 - 0x00007ffce5d3d000 	C:\Windows\SYSTEM32\ntdll.dll
0x00007ffce56c0000 - 0x00007ffce5773000 	C:\Windows\System32\KERNEL32.DLL
0x00007ffce2990000 - 0x00007ffce2c23000 	C:\Windows\System32\KERNELBASE.dll
0x00007ffce5110000 - 0x00007ffce51b3000 	C:\Windows\System32\ADVAPI32.dll
0x00007ffce4cc0000 - 0x00007ffce4d5e000 	C:\Windows\System32\msvcrt.dll
0x00007ffce5070000 - 0x00007ffce510e000 	C:\Windows\System32\sechost.dll
0x00007ffce4e90000 - 0x00007ffce4fb2000 	C:\Windows\System32\RPCRT4.dll
0x00007ffce4af0000 - 0x00007ffce4c87000 	C:\Windows\System32\USER32.dll
0x00007ffce2760000 - 0x00007ffce2780000 	C:\Windows\System32\win32u.dll
0x00007ffce4ac0000 - 0x00007ffce4ae9000 	C:\Windows\System32\GDI32.dll
0x00007ffce2470000 - 0x00007ffce260a000 	C:\Windows\System32\gdi32full.dll
0x00007ffce2660000 - 0x00007ffce2700000 	C:\Windows\System32\msvcp_win.dll
0x00007ffce2370000 - 0x00007ffce246a000 	C:\Windows\System32\ucrtbase.dll
0x00007ffccdc60000 - 0x00007ffccded9000 	C:\Windows\WinSxS\amd64_microsoft.windows.common-controls_6595b64144ccf1df_6.0.17763.475_none_05b43ca607202c6c\COMCTL32.dll
0x00007ffce5390000 - 0x00007ffce56bc000 	C:\Windows\System32\combase.dll
0x00007ffce2d00000 - 0x00007ffce2d7e000 	C:\Windows\System32\bcryptPrimitives.dll
0x00007ffce5af0000 - 0x00007ffce5b1e000 	C:\Windows\System32\IMM32.DLL
0x0000000061810000 - 0x00000000618e2000 	D:\tool\jdk1.8\jdk\jdk1.8\jre\bin\msvcr100.dll
0x0000000061ae0000 - 0x000000006233a000 	D:\tool\jdk1.8\jdk\jdk1.8\jre\bin\server\jvm.dll
0x00007ffce2e00000 - 0x00007ffce2e08000 	C:\Windows\System32\PSAPI.DLL
0x00007ffcda7d0000 - 0x00007ffcda7d9000 	C:\Windows\SYSTEM32\WSOCK32.dll
0x00007ffcd5eb0000 - 0x00007ffcd5ed4000 	C:\Windows\SYSTEM32\WINMM.dll
0x00007ffce4d60000 - 0x00007ffce4dcd000 	C:\Windows\System32\WS2_32.dll
0x00007ffccfdb0000 - 0x00007ffccfddd000 	C:\Windows\SYSTEM32\winmmbase.dll
0x00007ffce2610000 - 0x00007ffce265a000 	C:\Windows\System32\cfgmgr32.dll
0x00000000619f0000 - 0x00000000619ff000 	D:\tool\jdk1.8\jdk\jdk1.8\jre\bin\verify.dll
0x00000000619c0000 - 0x00000000619e8000 	D:\tool\jdk1.8\jdk\jdk1.8\jre\bin\java.dll
0x0000000061970000 - 0x0000000061986000 	D:\tool\jdk1.8\jdk\jdk1.8\jre\bin\zip.dll
0x00007ffce35d0000 - 0x00007ffce4ac0000 	C:\Windows\System32\SHELL32.dll
0x00007ffce3520000 - 0x00007ffce35c8000 	C:\Windows\System32\shcore.dll
0x00007ffce1c20000 - 0x00007ffce236a000 	C:\Windows\System32\windows.storage.dll
0x00007ffce1bf0000 - 0x00007ffce1c14000 	C:\Windows\System32\profapi.dll
0x00007ffce1b70000 - 0x00007ffce1bcd000 	C:\Windows\System32\powrprof.dll
0x00007ffce4e30000 - 0x00007ffce4e82000 	C:\Windows\System32\shlwapi.dll
0x00007ffce1b50000 - 0x00007ffce1b61000 	C:\Windows\System32\kernel.appcore.dll
0x00007ffce2c30000 - 0x00007ffce2c47000 	C:\Windows\System32\cryptsp.dll
0x00000000618f0000 - 0x00000000618fd000 	D:\tool\jdk1.8\jdk\jdk1.8\jre\bin\management.dll
0x0000000061950000 - 0x000000006196a000 	D:\tool\jdk1.8\jdk\jdk1.8\jre\bin\net.dll
0x00007ffce13d0000 - 0x00007ffce1437000 	C:\Windows\system32\mswsock.dll
0x00007ffcca920000 - 0x00007ffcca936000 	C:\Windows\system32\napinsp.dll
0x00007ffcca7c0000 - 0x00007ffcca7da000 	C:\Windows\system32\pnrpnsp.dll
0x00007ffce1180000 - 0x00007ffce1246000 	C:\Windows\SYSTEM32\DNSAPI.dll
0x00007ffce4c90000 - 0x00007ffce4c98000 	C:\Windows\System32\NSI.dll
0x00007ffce1130000 - 0x00007ffce116d000 	C:\Windows\SYSTEM32\IPHLPAPI.DLL
0x00007ffccd610000 - 0x00007ffccd61e000 	C:\Windows\System32\winrnr.dll
0x00007ffcdb5e0000 - 0x00007ffcdb5fb000 	C:\Windows\system32\NLAapi.dll
0x00007ffcd9a90000 - 0x00007ffcd9aa5000 	C:\Windows\system32\wshbth.dll
0x00007ffcd6560000 - 0x00007ffcd656a000 	C:\Windows\System32\rasadhlp.dll
0x00007ffcd6570000 - 0x00007ffcd65e9000 	C:\Windows\System32\fwpuclnt.dll
0x00007ffce2960000 - 0x00007ffce2986000 	C:\Windows\System32\bcrypt.dll
0x0000000061930000 - 0x0000000061941000 	D:\tool\jdk1.8\jdk\jdk1.8\jre\bin\nio.dll
0x00007ffce0f90000 - 0x00007ffce0fc3000 	C:\Windows\system32\rsaenh.dll
0x00007ffce1a50000 - 0x00007ffce1a78000 	C:\Windows\SYSTEM32\USERENV.dll
0x00007ffce15a0000 - 0x00007ffce15ac000 	C:\Windows\SYSTEM32\CRYPTBASE.dll
0x00007ffcd9230000 - 0x00007ffcd9246000 	C:\Windows\SYSTEM32\dhcpcsvc6.DLL
0x00007ffcd9210000 - 0x00007ffcd922c000 	C:\Windows\SYSTEM32\dhcpcsvc.DLL
0x0000000061900000 - 0x0000000061924000 	D:\tool\jdk1.8\jdk\jdk1.8\jre\bin\sunec.dll
0x0000000061670000 - 0x0000000061808000 	D:\tool\jdk1.8\jdk\jdk1.8\jre\bin\awt.dll
0x00007ffce5930000 - 0x00007ffce59f4000 	C:\Windows\System32\OLEAUT32.dll
0x00007ffcdd290000 - 0x00007ffcdd31c000 	C:\Windows\SYSTEM32\apphelp.dll
0x00007ffcdfeb0000 - 0x00007ffcdfede000 	C:\Windows\system32\DWMAPI.DLL
0x00007ffce2780000 - 0x00007ffce295b000 	C:\Windows\System32\CRYPT32.dll
0x00007ffce1bd0000 - 0x00007ffce1be2000 	C:\Windows\System32\MSASN1.dll
0x00007ffcdd340000 - 0x00007ffcdd3dc000 	C:\Windows\system32\uxtheme.dll
0x0000000061620000 - 0x0000000061667000 	D:\tool\jdk1.8\jdk\jdk1.8\jre\bin\fontmanager.dll
0x00000000615d0000 - 0x0000000061611000 	D:\tool\jdk1.8\jdk\jdk1.8\jre\bin\t2k.dll
0x00000000615a0000 - 0x00000000615ca000 	D:\tool\jdk1.8\jdk\jdk1.8\jre\bin\dcpr.dll
0x00007ffce0530000 - 0x00007ffce071d000 	C:\Windows\SYSTEM32\dbghelp.dll

VM Arguments:
jvm_args: -Dfile.encoding=UTF-8 
java_command: org.fh.FHmainApplication
java_class_path (initial): D:\tool\jdk1.8\jdk\jdk1.8\jre\lib\resources.jar;D:\tool\jdk1.8\jdk\jdk1.8\jre\lib\rt.jar;D:\tool\jdk1.8\jdk\jdk1.8\jre\lib\jsse.jar;D:\tool\jdk1.8\jdk\jdk1.8\jre\lib\jce.jar;D:\tool\jdk1.8\jdk\jdk1.8\jre\lib\charsets.jar;D:\tool\jdk1.8\jdk\jdk1.8\jre\lib\jfr.jar;D:\tool\jdk1.8\jdk\jdk1.8\jre\lib\ext\access-bridge-64.jar;D:\tool\jdk1.8\jdk\jdk1.8\jre\lib\ext\cldrdata.jar;D:\tool\jdk1.8\jdk\jdk1.8\jre\lib\ext\dnsns.jar;D:\tool\jdk1.8\jdk\jdk1.8\jre\lib\ext\jaccess.jar;D:\tool\jdk1.8\jdk\jdk1.8\jre\lib\ext\jfxrt.jar;D:\tool\jdk1.8\jdk\jdk1.8\jre\lib\ext\localedata.jar;D:\tool\jdk1.8\jdk\jdk1.8\jre\lib\ext\nashorn.jar;D:\tool\jdk1.8\jdk\jdk1.8\jre\lib\ext\sunec.jar;D:\tool\jdk1.8\jdk\jdk1.8\jre\lib\ext\sunjce_provider.jar;D:\tool\jdk1.8\jdk\jdk1.8\jre\lib\ext\sunmscapi.jar;D:\tool\jdk1.8\jdk\jdk1.8\jre\lib\ext\sunpkcs11.jar;D:\tool\jdk1.8\jdk\jdk1.8\jre\lib\ext\zipfs.jar;E:\svn project\rtworkio\target\classes;D:\tool\maven-ku\maven-ku\org\springframework\boot\spring-boot-starter-web\2.1.2.RELEASE\spring-boot-starter-web-2.1.2.RELEASE.jar;D:\tool\maven-ku\maven-ku\org\springframework\boot\spring-boot-starter\2.1.2.RELEASE\spring-boot-starter-2.1.2.RELEASE.jar;D:\tool\maven-ku\maven-ku\org\springframework\boot\spring-boot-starter-logging\2.1.2.RELEASE\spring-boot-starter-logging-2.1.2.RELEASE.jar;D:\tool\maven-ku\maven-ku\ch\qos\logback\logback-classic\1.2.3\logback-classic-1.2.3.jar;D:\tool\maven-ku\maven-ku\ch\qos\logback\logback-core\1.2.3\logback-core-1.2.3.jar;D:\tool\maven-ku\maven-ku\org\apache\logging\log4j\log4j-to-slf4j\2.11.1\log4j-to-slf4j-2.11.1.jar;D:\tool\maven-ku\maven-ku\org\apache\logging\log4j\log4j-api\2.11.1\log4j-api-2.11.1.jar;D:\tool\maven-ku\maven-ku\org\slf4j\jul-to-slf4j\1.7.25\jul-to-slf4j-1.7.25.jar;D:\tool\maven-ku\maven-ku\javax\annotation\javax.annotation-api\1.3.2\javax.annotation-api-1.3.2.jar;D:\tool\maven-ku\maven-ku\org\yaml\snakeyaml\1.23\snakeyaml-1.23.jar;D:\tool\maven-ku\maven-ku\org\springframework\boo
Launcher Type: SUN_STANDARD

Environment Variables:
JAVA_HOME=D:\tool\jdk1.8\jdk\jdk1.8
CLASSPATH=.;D:\tool\jdk1.8\jdk\jdk1.8\lib\dt.jar;D:\tool\jdk1.8\jdk\jdk1.8\lib\toos.jar
PATH=D:/tool/jdk1.8/jdk/jdk1.8/bin/../jre/bin/server;D:/tool/jdk1.8/jdk/jdk1.8/bin/../jre/bin;D:/tool/jdk1.8/jdk/jdk1.8/bin/../jre/lib/amd64;C:\Windows\system32;C:\Windows;C:\Windows\System32\Wbem;C:\Windows\System32\WindowsPowerShell\v1.0\;C:\Windows\System32\OpenSSH\;D:\tool\jdk1.8\jdk\jdk1.8\bin;D:\tool\jdk1.8\jdk\jdk1.8\jre\bin;D:\tool\apache-maven-3.5.4\apache-maven-3.5.4\bin;C:\Program Files\MySQL\MySQL Enterprise Backup 3.10.1\;C:\Program Files (x86)\MySQL\MySQL Utilities 1.3.6\;C:\Program Files\nodejs\;C:\Program Files\TortoiseSVN\bin;C:\Users\Y\AppData\Local\Microsoft\WindowsApps;C:\Users\Y\AppData\Local\atom\bin;C:\Users\Y\AppData\Local\GitHubDesktop\bin;C:\Users\Y\AppData\Roaming\npm;D:\tool\eclipse-jee-photon-R-win32-x86_64\eclipse;
USERNAME=Y
OS=Windows_NT
PROCESSOR_IDENTIFIER=Intel64 Family 6 Model 158 Stepping 10, GenuineIntel



---------------  S Y S T E M  ---------------

OS: Windows 8.1 , 64 bit Build 9600 

CPU:total 8 (4 cores per cpu, 2 threads per core) family 6 model 158 stepping 10, cmov, cx8, fxsr, mmx, sse, sse2, sse3, ssse3, sse4.1, sse4.2, popcnt, avx, avx2, aes, clmul, erms, lzcnt, ht, tsc, tscinvbit, bmi1, bmi2

Memory: 4k page, physical 8115476k(1633104k free), swap 15193364k(2963780k free)

vm_info: Java HotSpot(TM) 64-Bit Server VM (25.25-b02) for windows-amd64 JRE (1.8.0_25-b18), built on Oct  7 2014 14:25:37 by "java_re" with MS VC++ 10.0 (VS2010)

time: Wed May 15 14:45:17 2019
elapsed time: 19628 seconds (0d 5h 27m 8s)

