2019-05-20 10:22:18.838 [http-nio-8080-exec-3] DEBUG o.f.mapper.dsno1.system.UsersMapper.findByUsername - ==>  Preparing: select USER_ID, USERNAME, PASSWORD, NAME, ROLE_ID, LAST_LOGIN, IP, STATUS, BZ, SKIN, EMAIL, NUMBER, PHONE, ROLE_IDS, STATE from SYS_USER where USERNAME = ? 
2019-05-20 10:22:18.847 [http-nio-8080-exec-3] DEBUG o.f.mapper.dsno1.system.UsersMapper.findByUsername - ==> Parameters: admin(String)
2019-05-20 10:22:18.868 [http-nio-8080-exec-3] DEBUG o.f.mapper.dsno1.system.UsersMapper.findByUsername - <==      Total: 1
2019-05-20 10:22:18.895 [http-nio-8080-exec-3] DEBUG o.f.mapper.dsno1.system.UsersMapper.findByUsername - ==>  Preparing: select USER_ID, USERNAME, PASSWORD, NAME, ROLE_ID, LAST_LOGIN, IP, STATUS, BZ, SKIN, EMAIL, NUMBER, PHONE, ROLE_IDS, STATE from SYS_USER where USERNAME = ? 
2019-05-20 10:22:18.896 [http-nio-8080-exec-3] DEBUG o.f.mapper.dsno1.system.UsersMapper.findByUsername - ==> Parameters: admin(String)
2019-05-20 10:22:18.904 [http-nio-8080-exec-3] DEBUG o.f.mapper.dsno1.system.UsersMapper.findByUsername - <==      Total: 1
2019-05-20 10:22:18.931 [http-nio-8080-exec-3] DEBUG org.fh.mapper.dsno1.system.FHlogMapper.save - ==>  Preparing: insert into SYS_FHLOG ( USERNAME, CZTIME, CONTENT, FHLOG_ID ) values ( ?, ?, ?, ? ) 
2019-05-20 10:22:18.933 [http-nio-8080-exec-3] DEBUG org.fh.mapper.dsno1.system.FHlogMapper.save - ==> Parameters: admin(String), 2019-05-20 10:22:18(String), 成功登录系统(String), b2860f8f5bb54385b3b3ded21e3ff49c(String)
2019-05-20 10:22:18.945 [http-nio-8080-exec-3] DEBUG org.fh.mapper.dsno1.system.FHlogMapper.save - <==    Updates: 1
2019-05-20 10:22:19.046 [http-nio-8080-exec-8] DEBUG o.f.m.dsno1.system.UsersMapper.getUserAndRoleById - ==>  Preparing: select u.USER_ID, u.USERNAME, u.NAME, u.PASSWORD, u.SKIN, u.NUMBER, u.ROLE_IDS, r.ROLE_ID, r.ROLE_NAME, r.RIGHTS as ROLE_RIGHTS, r.ADD_QX, r.DEL_QX, r.EDIT_QX, r.CHA_QX from SYS_USER u left join SYS_ROLE r on u.ROLE_ID=r.ROLE_ID where u.STATUS=0 and u.USER_ID=? 
2019-05-20 10:22:19.046 [http-nio-8080-exec-8] DEBUG o.f.m.dsno1.system.UsersMapper.getUserAndRoleById - ==> Parameters: 1(String)
2019-05-20 10:22:19.060 [http-nio-8080-exec-8] DEBUG o.f.m.dsno1.system.UsersMapper.getUserAndRoleById - <==      Total: 1
2019-05-20 10:22:19.084 [http-nio-8080-exec-8] DEBUG org.fh.mapper.dsno1.system.FhButtonMapper.listAll - ==>  Preparing: select NAME, SHIRO_KEY, BZ, FHBUTTON_ID from SYS_FHBUTTON 
2019-05-20 10:22:19.085 [http-nio-8080-exec-8] DEBUG org.fh.mapper.dsno1.system.FhButtonMapper.listAll - ==> Parameters: 
2019-05-20 10:22:19.091 [http-nio-8080-exec-8] DEBUG org.fh.mapper.dsno1.system.FhButtonMapper.listAll - <==      Total: 8
2019-05-20 10:22:19.113 [http-nio-8080-exec-8] DEBUG o.f.m.d.system.MenuMapper.listSubMenuByParentId - ==>  Preparing: select MENU_ID, MENU_NAME, MENU_URL, PARENT_ID, MENU_ICON, SHIRO_KEY, MENU_ORDER, MENU_STATE, MENU_TYPE from SYS_MENU where PARENT_ID = ? order by (MENU_ORDER+0) 
2019-05-20 10:22:19.114 [http-nio-8080-exec-8] DEBUG o.f.m.d.system.MenuMapper.listSubMenuByParentId - ==> Parameters: 0(String)
2019-05-20 10:22:19.121 [http-nio-8080-exec-8] DEBUG o.f.m.d.system.MenuMapper.listSubMenuByParentId - <==      Total: 7
2019-05-20 10:22:19.121 [http-nio-8080-exec-8] DEBUG o.f.m.d.system.MenuMapper.listSubMenuByParentId - ==>  Preparing: select MENU_ID, MENU_NAME, MENU_URL, PARENT_ID, MENU_ICON, SHIRO_KEY, MENU_ORDER, MENU_STATE, MENU_TYPE from SYS_MENU where PARENT_ID = ? order by (MENU_ORDER+0) 
2019-05-20 10:22:19.122 [http-nio-8080-exec-8] DEBUG o.f.m.d.system.MenuMapper.listSubMenuByParentId - ==> Parameters: 1(String)
2019-05-20 10:22:19.129 [http-nio-8080-exec-8] DEBUG o.f.m.d.system.MenuMapper.listSubMenuByParentId - <==      Total: 6
2019-05-20 10:22:19.129 [http-nio-8080-exec-8] DEBUG o.f.m.d.system.MenuMapper.listSubMenuByParentId - ==>  Preparing: select MENU_ID, MENU_NAME, MENU_URL, PARENT_ID, MENU_ICON, SHIRO_KEY, MENU_ORDER, MENU_STATE, MENU_TYPE from SYS_MENU where PARENT_ID = ? order by (MENU_ORDER+0) 
2019-05-20 10:22:19.130 [http-nio-8080-exec-8] DEBUG o.f.m.d.system.MenuMapper.listSubMenuByParentId - ==> Parameters: 2(String)
2019-05-20 10:22:19.138 [http-nio-8080-exec-8] DEBUG o.f.m.d.system.MenuMapper.listSubMenuByParentId - <==      Total: 2
2019-05-20 10:22:19.138 [http-nio-8080-exec-8] DEBUG o.f.m.d.system.MenuMapper.listSubMenuByParentId - ==>  Preparing: select MENU_ID, MENU_NAME, MENU_URL, PARENT_ID, MENU_ICON, SHIRO_KEY, MENU_ORDER, MENU_STATE, MENU_TYPE from SYS_MENU where PARENT_ID = ? order by (MENU_ORDER+0) 
2019-05-20 10:22:19.139 [http-nio-8080-exec-8] DEBUG o.f.m.d.system.MenuMapper.listSubMenuByParentId - ==> Parameters: 6(String)
2019-05-20 10:22:19.146 [http-nio-8080-exec-8] DEBUG o.f.m.d.system.MenuMapper.listSubMenuByParentId - <==      Total: 0
2019-05-20 10:22:19.146 [http-nio-8080-exec-8] DEBUG o.f.m.d.system.MenuMapper.listSubMenuByParentId - ==>  Preparing: select MENU_ID, MENU_NAME, MENU_URL, PARENT_ID, MENU_ICON, SHIRO_KEY, MENU_ORDER, MENU_STATE, MENU_TYPE from SYS_MENU where PARENT_ID = ? order by (MENU_ORDER+0) 
2019-05-20 10:22:19.147 [http-nio-8080-exec-8] DEBUG o.f.m.d.system.MenuMapper.listSubMenuByParentId - ==> Parameters: 7(String)
2019-05-20 10:22:19.155 [http-nio-8080-exec-8] DEBUG o.f.m.d.system.MenuMapper.listSubMenuByParentId - <==      Total: 0
2019-05-20 10:22:19.155 [http-nio-8080-exec-8] DEBUG o.f.m.d.system.MenuMapper.listSubMenuByParentId - ==>  Preparing: select MENU_ID, MENU_NAME, MENU_URL, PARENT_ID, MENU_ICON, SHIRO_KEY, MENU_ORDER, MENU_STATE, MENU_TYPE from SYS_MENU where PARENT_ID = ? order by (MENU_ORDER+0) 
2019-05-20 10:22:19.156 [http-nio-8080-exec-8] DEBUG o.f.m.d.system.MenuMapper.listSubMenuByParentId - ==> Parameters: 9(String)
2019-05-20 10:22:19.163 [http-nio-8080-exec-8] DEBUG o.f.m.d.system.MenuMapper.listSubMenuByParentId - <==      Total: 0
2019-05-20 10:22:19.163 [http-nio-8080-exec-8] DEBUG o.f.m.d.system.MenuMapper.listSubMenuByParentId - ==>  Preparing: select MENU_ID, MENU_NAME, MENU_URL, PARENT_ID, MENU_ICON, SHIRO_KEY, MENU_ORDER, MENU_STATE, MENU_TYPE from SYS_MENU where PARENT_ID = ? order by (MENU_ORDER+0) 
2019-05-20 10:22:19.163 [http-nio-8080-exec-8] DEBUG o.f.m.d.system.MenuMapper.listSubMenuByParentId - ==> Parameters: 8(String)
2019-05-20 10:22:19.170 [http-nio-8080-exec-8] DEBUG o.f.m.d.system.MenuMapper.listSubMenuByParentId - <==      Total: 0
2019-05-20 10:22:19.170 [http-nio-8080-exec-8] DEBUG o.f.m.d.system.MenuMapper.listSubMenuByParentId - ==>  Preparing: select MENU_ID, MENU_NAME, MENU_URL, PARENT_ID, MENU_ICON, SHIRO_KEY, MENU_ORDER, MENU_STATE, MENU_TYPE from SYS_MENU where PARENT_ID = ? order by (MENU_ORDER+0) 
2019-05-20 10:22:19.171 [http-nio-8080-exec-8] DEBUG o.f.m.d.system.MenuMapper.listSubMenuByParentId - ==> Parameters: 12(String)
2019-05-20 10:22:19.177 [http-nio-8080-exec-8] DEBUG o.f.m.d.system.MenuMapper.listSubMenuByParentId - <==      Total: 0
2019-05-20 10:22:19.177 [http-nio-8080-exec-8] DEBUG o.f.m.d.system.MenuMapper.listSubMenuByParentId - ==>  Preparing: select MENU_ID, MENU_NAME, MENU_URL, PARENT_ID, MENU_ICON, SHIRO_KEY, MENU_ORDER, MENU_STATE, MENU_TYPE from SYS_MENU where PARENT_ID = ? order by (MENU_ORDER+0) 
2019-05-20 10:22:19.178 [http-nio-8080-exec-8] DEBUG o.f.m.d.system.MenuMapper.listSubMenuByParentId - ==> Parameters: 3(String)
2019-05-20 10:22:19.187 [http-nio-8080-exec-8] DEBUG o.f.m.d.system.MenuMapper.listSubMenuByParentId - <==      Total: 0
2019-05-20 10:22:19.187 [http-nio-8080-exec-8] DEBUG o.f.m.d.system.MenuMapper.listSubMenuByParentId - ==>  Preparing: select MENU_ID, MENU_NAME, MENU_URL, PARENT_ID, MENU_ICON, SHIRO_KEY, MENU_ORDER, MENU_STATE, MENU_TYPE from SYS_MENU where PARENT_ID = ? order by (MENU_ORDER+0) 
2019-05-20 10:22:19.187 [http-nio-8080-exec-8] DEBUG o.f.m.d.system.MenuMapper.listSubMenuByParentId - ==> Parameters: 71(String)
2019-05-20 10:22:19.194 [http-nio-8080-exec-8] DEBUG o.f.m.d.system.MenuMapper.listSubMenuByParentId - <==      Total: 0
2019-05-20 10:22:19.195 [http-nio-8080-exec-8] DEBUG o.f.m.d.system.MenuMapper.listSubMenuByParentId - ==>  Preparing: select MENU_ID, MENU_NAME, MENU_URL, PARENT_ID, MENU_ICON, SHIRO_KEY, MENU_ORDER, MENU_STATE, MENU_TYPE from SYS_MENU where PARENT_ID = ? order by (MENU_ORDER+0) 
2019-05-20 10:22:19.195 [http-nio-8080-exec-8] DEBUG o.f.m.d.system.MenuMapper.listSubMenuByParentId - ==> Parameters: 10(String)
2019-05-20 10:22:19.206 [http-nio-8080-exec-8] DEBUG o.f.m.d.system.MenuMapper.listSubMenuByParentId - <==      Total: 1
2019-05-20 10:22:19.206 [http-nio-8080-exec-8] DEBUG o.f.m.d.system.MenuMapper.listSubMenuByParentId - ==>  Preparing: select MENU_ID, MENU_NAME, MENU_URL, PARENT_ID, MENU_ICON, SHIRO_KEY, MENU_ORDER, MENU_STATE, MENU_TYPE from SYS_MENU where PARENT_ID = ? order by (MENU_ORDER+0) 
2019-05-20 10:22:19.207 [http-nio-8080-exec-8] DEBUG o.f.m.d.system.MenuMapper.listSubMenuByParentId - ==> Parameters: 11(String)
2019-05-20 10:22:19.214 [http-nio-8080-exec-8] DEBUG o.f.m.d.system.MenuMapper.listSubMenuByParentId - <==      Total: 0
2019-05-20 10:22:19.216 [http-nio-8080-exec-8] DEBUG o.f.m.d.system.MenuMapper.listSubMenuByParentId - ==>  Preparing: select MENU_ID, MENU_NAME, MENU_URL, PARENT_ID, MENU_ICON, SHIRO_KEY, MENU_ORDER, MENU_STATE, MENU_TYPE from SYS_MENU where PARENT_ID = ? order by (MENU_ORDER+0) 
2019-05-20 10:22:19.217 [http-nio-8080-exec-8] DEBUG o.f.m.d.system.MenuMapper.listSubMenuByParentId - ==> Parameters: 72(String)
2019-05-20 10:22:19.224 [http-nio-8080-exec-8] DEBUG o.f.m.d.system.MenuMapper.listSubMenuByParentId - <==      Total: 3
2019-05-20 10:22:19.225 [http-nio-8080-exec-8] DEBUG o.f.m.d.system.MenuMapper.listSubMenuByParentId - ==>  Preparing: select MENU_ID, MENU_NAME, MENU_URL, PARENT_ID, MENU_ICON, SHIRO_KEY, MENU_ORDER, MENU_STATE, MENU_TYPE from SYS_MENU where PARENT_ID = ? order by (MENU_ORDER+0) 
2019-05-20 10:22:19.225 [http-nio-8080-exec-8] DEBUG o.f.m.d.system.MenuMapper.listSubMenuByParentId - ==> Parameters: 73(String)
2019-05-20 10:22:19.233 [http-nio-8080-exec-8] DEBUG o.f.m.d.system.MenuMapper.listSubMenuByParentId - <==      Total: 0
2019-05-20 10:22:19.235 [http-nio-8080-exec-8] DEBUG o.f.m.d.system.MenuMapper.listSubMenuByParentId - ==>  Preparing: select MENU_ID, MENU_NAME, MENU_URL, PARENT_ID, MENU_ICON, SHIRO_KEY, MENU_ORDER, MENU_STATE, MENU_TYPE from SYS_MENU where PARENT_ID = ? order by (MENU_ORDER+0) 
2019-05-20 10:22:19.235 [http-nio-8080-exec-8] DEBUG o.f.m.d.system.MenuMapper.listSubMenuByParentId - ==> Parameters: 74(String)
2019-05-20 10:22:19.241 [http-nio-8080-exec-8] DEBUG o.f.m.d.system.MenuMapper.listSubMenuByParentId - <==      Total: 0
2019-05-20 10:22:19.242 [http-nio-8080-exec-8] DEBUG o.f.m.d.system.MenuMapper.listSubMenuByParentId - ==>  Preparing: select MENU_ID, MENU_NAME, MENU_URL, PARENT_ID, MENU_ICON, SHIRO_KEY, MENU_ORDER, MENU_STATE, MENU_TYPE from SYS_MENU where PARENT_ID = ? order by (MENU_ORDER+0) 
2019-05-20 10:22:19.242 [http-nio-8080-exec-8] DEBUG o.f.m.d.system.MenuMapper.listSubMenuByParentId - ==> Parameters: 75(String)
2019-05-20 10:22:19.250 [http-nio-8080-exec-8] DEBUG o.f.m.d.system.MenuMapper.listSubMenuByParentId - <==      Total: 0
2019-05-20 10:22:19.250 [http-nio-8080-exec-8] DEBUG o.f.m.d.system.MenuMapper.listSubMenuByParentId - ==>  Preparing: select MENU_ID, MENU_NAME, MENU_URL, PARENT_ID, MENU_ICON, SHIRO_KEY, MENU_ORDER, MENU_STATE, MENU_TYPE from SYS_MENU where PARENT_ID = ? order by (MENU_ORDER+0) 
2019-05-20 10:22:19.251 [http-nio-8080-exec-8] DEBUG o.f.m.d.system.MenuMapper.listSubMenuByParentId - ==> Parameters: 5(String)
2019-05-20 10:22:19.258 [http-nio-8080-exec-8] DEBUG o.f.m.d.system.MenuMapper.listSubMenuByParentId - <==      Total: 2
2019-05-20 10:22:19.258 [http-nio-8080-exec-8] DEBUG o.f.m.d.system.MenuMapper.listSubMenuByParentId - ==>  Preparing: select MENU_ID, MENU_NAME, MENU_URL, PARENT_ID, MENU_ICON, SHIRO_KEY, MENU_ORDER, MENU_STATE, MENU_TYPE from SYS_MENU where PARENT_ID = ? order by (MENU_ORDER+0) 
2019-05-20 10:22:19.258 [http-nio-8080-exec-8] DEBUG o.f.m.d.system.MenuMapper.listSubMenuByParentId - ==> Parameters: 13(String)
2019-05-20 10:22:19.267 [http-nio-8080-exec-8] DEBUG o.f.m.d.system.MenuMapper.listSubMenuByParentId - <==      Total: 3
2019-05-20 10:22:19.269 [http-nio-8080-exec-8] DEBUG o.f.m.d.system.MenuMapper.listSubMenuByParentId - ==>  Preparing: select MENU_ID, MENU_NAME, MENU_URL, PARENT_ID, MENU_ICON, SHIRO_KEY, MENU_ORDER, MENU_STATE, MENU_TYPE from SYS_MENU where PARENT_ID = ? order by (MENU_ORDER+0) 
2019-05-20 10:22:19.269 [http-nio-8080-exec-8] DEBUG o.f.m.d.system.MenuMapper.listSubMenuByParentId - ==> Parameters: 14(String)
2019-05-20 10:22:19.276 [http-nio-8080-exec-8] DEBUG o.f.m.d.system.MenuMapper.listSubMenuByParentId - <==      Total: 0
2019-05-20 10:22:19.276 [http-nio-8080-exec-8] DEBUG o.f.m.d.system.MenuMapper.listSubMenuByParentId - ==>  Preparing: select MENU_ID, MENU_NAME, MENU_URL, PARENT_ID, MENU_ICON, SHIRO_KEY, MENU_ORDER, MENU_STATE, MENU_TYPE from SYS_MENU where PARENT_ID = ? order by (MENU_ORDER+0) 
2019-05-20 10:22:19.276 [http-nio-8080-exec-8] DEBUG o.f.m.d.system.MenuMapper.listSubMenuByParentId - ==> Parameters: 15(String)
2019-05-20 10:22:19.283 [http-nio-8080-exec-8] DEBUG o.f.m.d.system.MenuMapper.listSubMenuByParentId - <==      Total: 0
2019-05-20 10:22:19.283 [http-nio-8080-exec-8] DEBUG o.f.m.d.system.MenuMapper.listSubMenuByParentId - ==>  Preparing: select MENU_ID, MENU_NAME, MENU_URL, PARENT_ID, MENU_ICON, SHIRO_KEY, MENU_ORDER, MENU_STATE, MENU_TYPE from SYS_MENU where PARENT_ID = ? order by (MENU_ORDER+0) 
2019-05-20 10:22:19.283 [http-nio-8080-exec-8] DEBUG o.f.m.d.system.MenuMapper.listSubMenuByParentId - ==> Parameters: 16(String)
2019-05-20 10:22:19.291 [http-nio-8080-exec-8] DEBUG o.f.m.d.system.MenuMapper.listSubMenuByParentId - <==      Total: 4
2019-05-20 10:22:19.292 [http-nio-8080-exec-8] DEBUG o.f.m.d.system.MenuMapper.listSubMenuByParentId - ==>  Preparing: select MENU_ID, MENU_NAME, MENU_URL, PARENT_ID, MENU_ICON, SHIRO_KEY, MENU_ORDER, MENU_STATE, MENU_TYPE from SYS_MENU where PARENT_ID = ? order by (MENU_ORDER+0) 
2019-05-20 10:22:19.292 [http-nio-8080-exec-8] DEBUG o.f.m.d.system.MenuMapper.listSubMenuByParentId - ==> Parameters: 17(String)
2019-05-20 10:22:19.299 [http-nio-8080-exec-8] DEBUG o.f.m.d.system.MenuMapper.listSubMenuByParentId - <==      Total: 12
2019-05-20 10:22:19.300 [http-nio-8080-exec-8] DEBUG o.f.m.d.system.MenuMapper.listSubMenuByParentId - ==>  Preparing: select MENU_ID, MENU_NAME, MENU_URL, PARENT_ID, MENU_ICON, SHIRO_KEY, MENU_ORDER, MENU_STATE, MENU_TYPE from SYS_MENU where PARENT_ID = ? order by (MENU_ORDER+0) 
2019-05-20 10:22:19.300 [http-nio-8080-exec-8] DEBUG o.f.m.d.system.MenuMapper.listSubMenuByParentId - ==> Parameters: 21(String)
2019-05-20 10:22:19.306 [http-nio-8080-exec-8] DEBUG o.f.m.d.system.MenuMapper.listSubMenuByParentId - <==      Total: 0
2019-05-20 10:22:19.307 [http-nio-8080-exec-8] DEBUG o.f.m.d.system.MenuMapper.listSubMenuByParentId - ==>  Preparing: select MENU_ID, MENU_NAME, MENU_URL, PARENT_ID, MENU_ICON, SHIRO_KEY, MENU_ORDER, MENU_STATE, MENU_TYPE from SYS_MENU where PARENT_ID = ? order by (MENU_ORDER+0) 
2019-05-20 10:22:19.307 [http-nio-8080-exec-8] DEBUG o.f.m.d.system.MenuMapper.listSubMenuByParentId - ==> Parameters: 22(String)
2019-05-20 10:22:19.315 [http-nio-8080-exec-8] DEBUG o.f.m.d.system.MenuMapper.listSubMenuByParentId - <==      Total: 0
2019-05-20 10:22:19.315 [http-nio-8080-exec-8] DEBUG o.f.m.d.system.MenuMapper.listSubMenuByParentId - ==>  Preparing: select MENU_ID, MENU_NAME, MENU_URL, PARENT_ID, MENU_ICON, SHIRO_KEY, MENU_ORDER, MENU_STATE, MENU_TYPE from SYS_MENU where PARENT_ID = ? order by (MENU_ORDER+0) 
2019-05-20 10:22:19.316 [http-nio-8080-exec-8] DEBUG o.f.m.d.system.MenuMapper.listSubMenuByParentId - ==> Parameters: 23(String)
2019-05-20 10:22:19.323 [http-nio-8080-exec-8] DEBUG o.f.m.d.system.MenuMapper.listSubMenuByParentId - <==      Total: 0
2019-05-20 10:22:19.323 [http-nio-8080-exec-8] DEBUG o.f.m.d.system.MenuMapper.listSubMenuByParentId - ==>  Preparing: select MENU_ID, MENU_NAME, MENU_URL, PARENT_ID, MENU_ICON, SHIRO_KEY, MENU_ORDER, MENU_STATE, MENU_TYPE from SYS_MENU where PARENT_ID = ? order by (MENU_ORDER+0) 
2019-05-20 10:22:19.323 [http-nio-8080-exec-8] DEBUG o.f.m.d.system.MenuMapper.listSubMenuByParentId - ==> Parameters: 24(String)
2019-05-20 10:22:19.331 [http-nio-8080-exec-8] DEBUG o.f.m.d.system.MenuMapper.listSubMenuByParentId - <==      Total: 0
2019-05-20 10:22:19.331 [http-nio-8080-exec-8] DEBUG o.f.m.d.system.MenuMapper.listSubMenuByParentId - ==>  Preparing: select MENU_ID, MENU_NAME, MENU_URL, PARENT_ID, MENU_ICON, SHIRO_KEY, MENU_ORDER, MENU_STATE, MENU_TYPE from SYS_MENU where PARENT_ID = ? order by (MENU_ORDER+0) 
2019-05-20 10:22:19.331 [http-nio-8080-exec-8] DEBUG o.f.m.d.system.MenuMapper.listSubMenuByParentId - ==> Parameters: 25(String)
2019-05-20 10:22:19.338 [http-nio-8080-exec-8] DEBUG o.f.m.d.system.MenuMapper.listSubMenuByParentId - <==      Total: 0
2019-05-20 10:22:19.338 [http-nio-8080-exec-8] DEBUG o.f.m.d.system.MenuMapper.listSubMenuByParentId - ==>  Preparing: select MENU_ID, MENU_NAME, MENU_URL, PARENT_ID, MENU_ICON, SHIRO_KEY, MENU_ORDER, MENU_STATE, MENU_TYPE from SYS_MENU where PARENT_ID = ? order by (MENU_ORDER+0) 
2019-05-20 10:22:19.338 [http-nio-8080-exec-8] DEBUG o.f.m.d.system.MenuMapper.listSubMenuByParentId - ==> Parameters: 26(String)
2019-05-20 10:22:19.346 [http-nio-8080-exec-8] DEBUG o.f.m.d.system.MenuMapper.listSubMenuByParentId - <==      Total: 0
2019-05-20 10:22:19.346 [http-nio-8080-exec-8] DEBUG o.f.m.d.system.MenuMapper.listSubMenuByParentId - ==>  Preparing: select MENU_ID, MENU_NAME, MENU_URL, PARENT_ID, MENU_ICON, SHIRO_KEY, MENU_ORDER, MENU_STATE, MENU_TYPE from SYS_MENU where PARENT_ID = ? order by (MENU_ORDER+0) 
2019-05-20 10:22:19.346 [http-nio-8080-exec-8] DEBUG o.f.m.d.system.MenuMapper.listSubMenuByParentId - ==> Parameters: 27(String)
2019-05-20 10:22:19.353 [http-nio-8080-exec-8] DEBUG o.f.m.d.system.MenuMapper.listSubMenuByParentId - <==      Total: 0
2019-05-20 10:22:19.354 [http-nio-8080-exec-8] DEBUG o.f.m.d.system.MenuMapper.listSubMenuByParentId - ==>  Preparing: select MENU_ID, MENU_NAME, MENU_URL, PARENT_ID, MENU_ICON, SHIRO_KEY, MENU_ORDER, MENU_STATE, MENU_TYPE from SYS_MENU where PARENT_ID = ? order by (MENU_ORDER+0) 
2019-05-20 10:22:19.354 [http-nio-8080-exec-8] DEBUG o.f.m.d.system.MenuMapper.listSubMenuByParentId - ==> Parameters: 28(String)
2019-05-20 10:22:19.361 [http-nio-8080-exec-8] DEBUG o.f.m.d.system.MenuMapper.listSubMenuByParentId - <==      Total: 0
2019-05-20 10:22:19.362 [http-nio-8080-exec-8] DEBUG o.f.m.d.system.MenuMapper.listSubMenuByParentId - ==>  Preparing: select MENU_ID, MENU_NAME, MENU_URL, PARENT_ID, MENU_ICON, SHIRO_KEY, MENU_ORDER, MENU_STATE, MENU_TYPE from SYS_MENU where PARENT_ID = ? order by (MENU_ORDER+0) 
2019-05-20 10:22:19.362 [http-nio-8080-exec-8] DEBUG o.f.m.d.system.MenuMapper.listSubMenuByParentId - ==> Parameters: 29(String)
2019-05-20 10:22:19.367 [http-nio-8080-exec-8] DEBUG o.f.m.d.system.MenuMapper.listSubMenuByParentId - <==      Total: 0
2019-05-20 10:22:19.368 [http-nio-8080-exec-8] DEBUG o.f.m.d.system.MenuMapper.listSubMenuByParentId - ==>  Preparing: select MENU_ID, MENU_NAME, MENU_URL, PARENT_ID, MENU_ICON, SHIRO_KEY, MENU_ORDER, MENU_STATE, MENU_TYPE from SYS_MENU where PARENT_ID = ? order by (MENU_ORDER+0) 
2019-05-20 10:22:19.369 [http-nio-8080-exec-8] DEBUG o.f.m.d.system.MenuMapper.listSubMenuByParentId - ==> Parameters: 30(String)
2019-05-20 10:22:19.375 [http-nio-8080-exec-8] DEBUG o.f.m.d.system.MenuMapper.listSubMenuByParentId - <==      Total: 0
2019-05-20 10:22:19.376 [http-nio-8080-exec-8] DEBUG o.f.m.d.system.MenuMapper.listSubMenuByParentId - ==>  Preparing: select MENU_ID, MENU_NAME, MENU_URL, PARENT_ID, MENU_ICON, SHIRO_KEY, MENU_ORDER, MENU_STATE, MENU_TYPE from SYS_MENU where PARENT_ID = ? order by (MENU_ORDER+0) 
2019-05-20 10:22:19.376 [http-nio-8080-exec-8] DEBUG o.f.m.d.system.MenuMapper.listSubMenuByParentId - ==> Parameters: 31(String)
2019-05-20 10:22:19.381 [http-nio-8080-exec-8] DEBUG o.f.m.d.system.MenuMapper.listSubMenuByParentId - <==      Total: 0
2019-05-20 10:22:19.382 [http-nio-8080-exec-8] DEBUG o.f.m.d.system.MenuMapper.listSubMenuByParentId - ==>  Preparing: select MENU_ID, MENU_NAME, MENU_URL, PARENT_ID, MENU_ICON, SHIRO_KEY, MENU_ORDER, MENU_STATE, MENU_TYPE from SYS_MENU where PARENT_ID = ? order by (MENU_ORDER+0) 
2019-05-20 10:22:19.382 [http-nio-8080-exec-8] DEBUG o.f.m.d.system.MenuMapper.listSubMenuByParentId - ==> Parameters: 32(String)
2019-05-20 10:22:19.389 [http-nio-8080-exec-8] DEBUG o.f.m.d.system.MenuMapper.listSubMenuByParentId - <==      Total: 0
2019-05-20 10:22:19.390 [http-nio-8080-exec-8] DEBUG o.f.m.d.system.MenuMapper.listSubMenuByParentId - ==>  Preparing: select MENU_ID, MENU_NAME, MENU_URL, PARENT_ID, MENU_ICON, SHIRO_KEY, MENU_ORDER, MENU_STATE, MENU_TYPE from SYS_MENU where PARENT_ID = ? order by (MENU_ORDER+0) 
2019-05-20 10:22:19.390 [http-nio-8080-exec-8] DEBUG o.f.m.d.system.MenuMapper.listSubMenuByParentId - ==> Parameters: 18(String)
2019-05-20 10:22:19.398 [http-nio-8080-exec-8] DEBUG o.f.m.d.system.MenuMapper.listSubMenuByParentId - <==      Total: 12
2019-05-20 10:22:19.398 [http-nio-8080-exec-8] DEBUG o.f.m.d.system.MenuMapper.listSubMenuByParentId - ==>  Preparing: select MENU_ID, MENU_NAME, MENU_URL, PARENT_ID, MENU_ICON, SHIRO_KEY, MENU_ORDER, MENU_STATE, MENU_TYPE from SYS_MENU where PARENT_ID = ? order by (MENU_ORDER+0) 
2019-05-20 10:22:19.399 [http-nio-8080-exec-8] DEBUG o.f.m.d.system.MenuMapper.listSubMenuByParentId - ==> Parameters: 33(String)
2019-05-20 10:22:19.406 [http-nio-8080-exec-8] DEBUG o.f.m.d.system.MenuMapper.listSubMenuByParentId - <==      Total: 0
2019-05-20 10:22:19.407 [http-nio-8080-exec-8] DEBUG o.f.m.d.system.MenuMapper.listSubMenuByParentId - ==>  Preparing: select MENU_ID, MENU_NAME, MENU_URL, PARENT_ID, MENU_ICON, SHIRO_KEY, MENU_ORDER, MENU_STATE, MENU_TYPE from SYS_MENU where PARENT_ID = ? order by (MENU_ORDER+0) 
2019-05-20 10:22:19.407 [http-nio-8080-exec-8] DEBUG o.f.m.d.system.MenuMapper.listSubMenuByParentId - ==> Parameters: 34(String)
2019-05-20 10:22:19.414 [http-nio-8080-exec-8] DEBUG o.f.m.d.system.MenuMapper.listSubMenuByParentId - <==      Total: 0
2019-05-20 10:22:19.414 [http-nio-8080-exec-8] DEBUG o.f.m.d.system.MenuMapper.listSubMenuByParentId - ==>  Preparing: select MENU_ID, MENU_NAME, MENU_URL, PARENT_ID, MENU_ICON, SHIRO_KEY, MENU_ORDER, MENU_STATE, MENU_TYPE from SYS_MENU where PARENT_ID = ? order by (MENU_ORDER+0) 
2019-05-20 10:22:19.414 [http-nio-8080-exec-8] DEBUG o.f.m.d.system.MenuMapper.listSubMenuByParentId - ==> Parameters: 35(String)
2019-05-20 10:22:19.421 [http-nio-8080-exec-8] DEBUG o.f.m.d.system.MenuMapper.listSubMenuByParentId - <==      Total: 0
2019-05-20 10:22:19.421 [http-nio-8080-exec-8] DEBUG o.f.m.d.system.MenuMapper.listSubMenuByParentId - ==>  Preparing: select MENU_ID, MENU_NAME, MENU_URL, PARENT_ID, MENU_ICON, SHIRO_KEY, MENU_ORDER, MENU_STATE, MENU_TYPE from SYS_MENU where PARENT_ID = ? order by (MENU_ORDER+0) 
2019-05-20 10:22:19.422 [http-nio-8080-exec-8] DEBUG o.f.m.d.system.MenuMapper.listSubMenuByParentId - ==> Parameters: 36(String)
2019-05-20 10:22:19.428 [http-nio-8080-exec-8] DEBUG o.f.m.d.system.MenuMapper.listSubMenuByParentId - <==      Total: 0
2019-05-20 10:22:19.428 [http-nio-8080-exec-8] DEBUG o.f.m.d.system.MenuMapper.listSubMenuByParentId - ==>  Preparing: select MENU_ID, MENU_NAME, MENU_URL, PARENT_ID, MENU_ICON, SHIRO_KEY, MENU_ORDER, MENU_STATE, MENU_TYPE from SYS_MENU where PARENT_ID = ? order by (MENU_ORDER+0) 
2019-05-20 10:22:19.429 [http-nio-8080-exec-8] DEBUG o.f.m.d.system.MenuMapper.listSubMenuByParentId - ==> Parameters: 37(String)
2019-05-20 10:22:19.435 [http-nio-8080-exec-8] DEBUG o.f.m.d.system.MenuMapper.listSubMenuByParentId - <==      Total: 0
2019-05-20 10:22:19.435 [http-nio-8080-exec-8] DEBUG o.f.m.d.system.MenuMapper.listSubMenuByParentId - ==>  Preparing: select MENU_ID, MENU_NAME, MENU_URL, PARENT_ID, MENU_ICON, SHIRO_KEY, MENU_ORDER, MENU_STATE, MENU_TYPE from SYS_MENU where PARENT_ID = ? order by (MENU_ORDER+0) 
2019-05-20 10:22:19.436 [http-nio-8080-exec-8] DEBUG o.f.m.d.system.MenuMapper.listSubMenuByParentId - ==> Parameters: 38(String)
2019-05-20 10:22:19.442 [http-nio-8080-exec-8] DEBUG o.f.m.d.system.MenuMapper.listSubMenuByParentId - <==      Total: 0
2019-05-20 10:22:19.442 [http-nio-8080-exec-8] DEBUG o.f.m.d.system.MenuMapper.listSubMenuByParentId - ==>  Preparing: select MENU_ID, MENU_NAME, MENU_URL, PARENT_ID, MENU_ICON, SHIRO_KEY, MENU_ORDER, MENU_STATE, MENU_TYPE from SYS_MENU where PARENT_ID = ? order by (MENU_ORDER+0) 
2019-05-20 10:22:19.442 [http-nio-8080-exec-8] DEBUG o.f.m.d.system.MenuMapper.listSubMenuByParentId - ==> Parameters: 39(String)
2019-05-20 10:22:19.449 [http-nio-8080-exec-8] DEBUG o.f.m.d.system.MenuMapper.listSubMenuByParentId - <==      Total: 0
2019-05-20 10:22:19.450 [http-nio-8080-exec-8] DEBUG o.f.m.d.system.MenuMapper.listSubMenuByParentId - ==>  Preparing: select MENU_ID, MENU_NAME, MENU_URL, PARENT_ID, MENU_ICON, SHIRO_KEY, MENU_ORDER, MENU_STATE, MENU_TYPE from SYS_MENU where PARENT_ID = ? order by (MENU_ORDER+0) 
2019-05-20 10:22:19.450 [http-nio-8080-exec-8] DEBUG o.f.m.d.system.MenuMapper.listSubMenuByParentId - ==> Parameters: 40(String)
2019-05-20 10:22:19.456 [http-nio-8080-exec-8] DEBUG o.f.m.d.system.MenuMapper.listSubMenuByParentId - <==      Total: 0
2019-05-20 10:22:19.457 [http-nio-8080-exec-8] DEBUG o.f.m.d.system.MenuMapper.listSubMenuByParentId - ==>  Preparing: select MENU_ID, MENU_NAME, MENU_URL, PARENT_ID, MENU_ICON, SHIRO_KEY, MENU_ORDER, MENU_STATE, MENU_TYPE from SYS_MENU where PARENT_ID = ? order by (MENU_ORDER+0) 
2019-05-20 10:22:19.457 [http-nio-8080-exec-8] DEBUG o.f.m.d.system.MenuMapper.listSubMenuByParentId - ==> Parameters: 41(String)
2019-05-20 10:22:19.463 [http-nio-8080-exec-8] DEBUG o.f.m.d.system.MenuMapper.listSubMenuByParentId - <==      Total: 0
2019-05-20 10:22:19.464 [http-nio-8080-exec-8] DEBUG o.f.m.d.system.MenuMapper.listSubMenuByParentId - ==>  Preparing: select MENU_ID, MENU_NAME, MENU_URL, PARENT_ID, MENU_ICON, SHIRO_KEY, MENU_ORDER, MENU_STATE, MENU_TYPE from SYS_MENU where PARENT_ID = ? order by (MENU_ORDER+0) 
2019-05-20 10:22:19.464 [http-nio-8080-exec-8] DEBUG o.f.m.d.system.MenuMapper.listSubMenuByParentId - ==> Parameters: 42(String)
2019-05-20 10:22:19.470 [http-nio-8080-exec-8] DEBUG o.f.m.d.system.MenuMapper.listSubMenuByParentId - <==      Total: 0
2019-05-20 10:22:19.470 [http-nio-8080-exec-8] DEBUG o.f.m.d.system.MenuMapper.listSubMenuByParentId - ==>  Preparing: select MENU_ID, MENU_NAME, MENU_URL, PARENT_ID, MENU_ICON, SHIRO_KEY, MENU_ORDER, MENU_STATE, MENU_TYPE from SYS_MENU where PARENT_ID = ? order by (MENU_ORDER+0) 
2019-05-20 10:22:19.470 [http-nio-8080-exec-8] DEBUG o.f.m.d.system.MenuMapper.listSubMenuByParentId - ==> Parameters: 43(String)
2019-05-20 10:22:19.477 [http-nio-8080-exec-8] DEBUG o.f.m.d.system.MenuMapper.listSubMenuByParentId - <==      Total: 0
2019-05-20 10:22:19.478 [http-nio-8080-exec-8] DEBUG o.f.m.d.system.MenuMapper.listSubMenuByParentId - ==>  Preparing: select MENU_ID, MENU_NAME, MENU_URL, PARENT_ID, MENU_ICON, SHIRO_KEY, MENU_ORDER, MENU_STATE, MENU_TYPE from SYS_MENU where PARENT_ID = ? order by (MENU_ORDER+0) 
2019-05-20 10:22:19.478 [http-nio-8080-exec-8] DEBUG o.f.m.d.system.MenuMapper.listSubMenuByParentId - ==> Parameters: 44(String)
2019-05-20 10:22:19.485 [http-nio-8080-exec-8] DEBUG o.f.m.d.system.MenuMapper.listSubMenuByParentId - <==      Total: 0
2019-05-20 10:22:19.486 [http-nio-8080-exec-8] DEBUG o.f.m.d.system.MenuMapper.listSubMenuByParentId - ==>  Preparing: select MENU_ID, MENU_NAME, MENU_URL, PARENT_ID, MENU_ICON, SHIRO_KEY, MENU_ORDER, MENU_STATE, MENU_TYPE from SYS_MENU where PARENT_ID = ? order by (MENU_ORDER+0) 
2019-05-20 10:22:19.486 [http-nio-8080-exec-8] DEBUG o.f.m.d.system.MenuMapper.listSubMenuByParentId - ==> Parameters: 19(String)
2019-05-20 10:22:19.494 [http-nio-8080-exec-8] DEBUG o.f.m.d.system.MenuMapper.listSubMenuByParentId - <==      Total: 12
2019-05-20 10:22:19.495 [http-nio-8080-exec-8] DEBUG o.f.m.d.system.MenuMapper.listSubMenuByParentId - ==>  Preparing: select MENU_ID, MENU_NAME, MENU_URL, PARENT_ID, MENU_ICON, SHIRO_KEY, MENU_ORDER, MENU_STATE, MENU_TYPE from SYS_MENU where PARENT_ID = ? order by (MENU_ORDER+0) 
2019-05-20 10:22:19.495 [http-nio-8080-exec-8] DEBUG o.f.m.d.system.MenuMapper.listSubMenuByParentId - ==> Parameters: 45(String)
2019-05-20 10:22:19.501 [http-nio-8080-exec-8] DEBUG o.f.m.d.system.MenuMapper.listSubMenuByParentId - <==      Total: 0
2019-05-20 10:22:19.501 [http-nio-8080-exec-8] DEBUG o.f.m.d.system.MenuMapper.listSubMenuByParentId - ==>  Preparing: select MENU_ID, MENU_NAME, MENU_URL, PARENT_ID, MENU_ICON, SHIRO_KEY, MENU_ORDER, MENU_STATE, MENU_TYPE from SYS_MENU where PARENT_ID = ? order by (MENU_ORDER+0) 
2019-05-20 10:22:19.502 [http-nio-8080-exec-8] DEBUG o.f.m.d.system.MenuMapper.listSubMenuByParentId - ==> Parameters: 46(String)
2019-05-20 10:22:19.508 [http-nio-8080-exec-8] DEBUG o.f.m.d.system.MenuMapper.listSubMenuByParentId - <==      Total: 0
2019-05-20 10:22:19.508 [http-nio-8080-exec-8] DEBUG o.f.m.d.system.MenuMapper.listSubMenuByParentId - ==>  Preparing: select MENU_ID, MENU_NAME, MENU_URL, PARENT_ID, MENU_ICON, SHIRO_KEY, MENU_ORDER, MENU_STATE, MENU_TYPE from SYS_MENU where PARENT_ID = ? order by (MENU_ORDER+0) 
2019-05-20 10:22:19.509 [http-nio-8080-exec-8] DEBUG o.f.m.d.system.MenuMapper.listSubMenuByParentId - ==> Parameters: 47(String)
2019-05-20 10:22:19.515 [http-nio-8080-exec-8] DEBUG o.f.m.d.system.MenuMapper.listSubMenuByParentId - <==      Total: 0
2019-05-20 10:22:19.516 [http-nio-8080-exec-8] DEBUG o.f.m.d.system.MenuMapper.listSubMenuByParentId - ==>  Preparing: select MENU_ID, MENU_NAME, MENU_URL, PARENT_ID, MENU_ICON, SHIRO_KEY, MENU_ORDER, MENU_STATE, MENU_TYPE from SYS_MENU where PARENT_ID = ? order by (MENU_ORDER+0) 
2019-05-20 10:22:19.517 [http-nio-8080-exec-8] DEBUG o.f.m.d.system.MenuMapper.listSubMenuByParentId - ==> Parameters: 48(String)
2019-05-20 10:22:19.524 [http-nio-8080-exec-8] DEBUG o.f.m.d.system.MenuMapper.listSubMenuByParentId - <==      Total: 0
2019-05-20 10:22:19.524 [http-nio-8080-exec-8] DEBUG o.f.m.d.system.MenuMapper.listSubMenuByParentId - ==>  Preparing: select MENU_ID, MENU_NAME, MENU_URL, PARENT_ID, MENU_ICON, SHIRO_KEY, MENU_ORDER, MENU_STATE, MENU_TYPE from SYS_MENU where PARENT_ID = ? order by (MENU_ORDER+0) 
2019-05-20 10:22:19.524 [http-nio-8080-exec-8] DEBUG o.f.m.d.system.MenuMapper.listSubMenuByParentId - ==> Parameters: 49(String)
2019-05-20 10:22:19.529 [http-nio-8080-exec-8] DEBUG o.f.m.d.system.MenuMapper.listSubMenuByParentId - <==      Total: 0
2019-05-20 10:22:19.530 [http-nio-8080-exec-8] DEBUG o.f.m.d.system.MenuMapper.listSubMenuByParentId - ==>  Preparing: select MENU_ID, MENU_NAME, MENU_URL, PARENT_ID, MENU_ICON, SHIRO_KEY, MENU_ORDER, MENU_STATE, MENU_TYPE from SYS_MENU where PARENT_ID = ? order by (MENU_ORDER+0) 
2019-05-20 10:22:19.530 [http-nio-8080-exec-8] DEBUG o.f.m.d.system.MenuMapper.listSubMenuByParentId - ==> Parameters: 50(String)
2019-05-20 10:22:19.536 [http-nio-8080-exec-8] DEBUG o.f.m.d.system.MenuMapper.listSubMenuByParentId - <==      Total: 0
2019-05-20 10:22:19.536 [http-nio-8080-exec-8] DEBUG o.f.m.d.system.MenuMapper.listSubMenuByParentId - ==>  Preparing: select MENU_ID, MENU_NAME, MENU_URL, PARENT_ID, MENU_ICON, SHIRO_KEY, MENU_ORDER, MENU_STATE, MENU_TYPE from SYS_MENU where PARENT_ID = ? order by (MENU_ORDER+0) 
2019-05-20 10:22:19.537 [http-nio-8080-exec-8] DEBUG o.f.m.d.system.MenuMapper.listSubMenuByParentId - ==> Parameters: 51(String)
2019-05-20 10:22:19.543 [http-nio-8080-exec-8] DEBUG o.f.m.d.system.MenuMapper.listSubMenuByParentId - <==      Total: 0
2019-05-20 10:22:19.543 [http-nio-8080-exec-8] DEBUG o.f.m.d.system.MenuMapper.listSubMenuByParentId - ==>  Preparing: select MENU_ID, MENU_NAME, MENU_URL, PARENT_ID, MENU_ICON, SHIRO_KEY, MENU_ORDER, MENU_STATE, MENU_TYPE from SYS_MENU where PARENT_ID = ? order by (MENU_ORDER+0) 
2019-05-20 10:22:19.543 [http-nio-8080-exec-8] DEBUG o.f.m.d.system.MenuMapper.listSubMenuByParentId - ==> Parameters: 52(String)
2019-05-20 10:22:19.550 [http-nio-8080-exec-8] DEBUG o.f.m.d.system.MenuMapper.listSubMenuByParentId - <==      Total: 0
2019-05-20 10:22:19.551 [http-nio-8080-exec-8] DEBUG o.f.m.d.system.MenuMapper.listSubMenuByParentId - ==>  Preparing: select MENU_ID, MENU_NAME, MENU_URL, PARENT_ID, MENU_ICON, SHIRO_KEY, MENU_ORDER, MENU_STATE, MENU_TYPE from SYS_MENU where PARENT_ID = ? order by (MENU_ORDER+0) 
2019-05-20 10:22:19.551 [http-nio-8080-exec-8] DEBUG o.f.m.d.system.MenuMapper.listSubMenuByParentId - ==> Parameters: 53(String)
2019-05-20 10:22:19.557 [http-nio-8080-exec-8] DEBUG o.f.m.d.system.MenuMapper.listSubMenuByParentId - <==      Total: 0
2019-05-20 10:22:19.557 [http-nio-8080-exec-8] DEBUG o.f.m.d.system.MenuMapper.listSubMenuByParentId - ==>  Preparing: select MENU_ID, MENU_NAME, MENU_URL, PARENT_ID, MENU_ICON, SHIRO_KEY, MENU_ORDER, MENU_STATE, MENU_TYPE from SYS_MENU where PARENT_ID = ? order by (MENU_ORDER+0) 
2019-05-20 10:22:19.558 [http-nio-8080-exec-8] DEBUG o.f.m.d.system.MenuMapper.listSubMenuByParentId - ==> Parameters: 54(String)
2019-05-20 10:22:19.565 [http-nio-8080-exec-8] DEBUG o.f.m.d.system.MenuMapper.listSubMenuByParentId - <==      Total: 0
2019-05-20 10:22:19.565 [http-nio-8080-exec-8] DEBUG o.f.m.d.system.MenuMapper.listSubMenuByParentId - ==>  Preparing: select MENU_ID, MENU_NAME, MENU_URL, PARENT_ID, MENU_ICON, SHIRO_KEY, MENU_ORDER, MENU_STATE, MENU_TYPE from SYS_MENU where PARENT_ID = ? order by (MENU_ORDER+0) 
2019-05-20 10:22:19.565 [http-nio-8080-exec-8] DEBUG o.f.m.d.system.MenuMapper.listSubMenuByParentId - ==> Parameters: 55(String)
2019-05-20 10:22:19.569 [http-nio-8080-exec-8] DEBUG o.f.m.d.system.MenuMapper.listSubMenuByParentId - <==      Total: 0
2019-05-20 10:22:19.570 [http-nio-8080-exec-8] DEBUG o.f.m.d.system.MenuMapper.listSubMenuByParentId - ==>  Preparing: select MENU_ID, MENU_NAME, MENU_URL, PARENT_ID, MENU_ICON, SHIRO_KEY, MENU_ORDER, MENU_STATE, MENU_TYPE from SYS_MENU where PARENT_ID = ? order by (MENU_ORDER+0) 
2019-05-20 10:22:19.570 [http-nio-8080-exec-8] DEBUG o.f.m.d.system.MenuMapper.listSubMenuByParentId - ==> Parameters: 56(String)
2019-05-20 10:22:19.576 [http-nio-8080-exec-8] DEBUG o.f.m.d.system.MenuMapper.listSubMenuByParentId - <==      Total: 0
2019-05-20 10:22:19.576 [http-nio-8080-exec-8] DEBUG o.f.m.d.system.MenuMapper.listSubMenuByParentId - ==>  Preparing: select MENU_ID, MENU_NAME, MENU_URL, PARENT_ID, MENU_ICON, SHIRO_KEY, MENU_ORDER, MENU_STATE, MENU_TYPE from SYS_MENU where PARENT_ID = ? order by (MENU_ORDER+0) 
2019-05-20 10:22:19.577 [http-nio-8080-exec-8] DEBUG o.f.m.d.system.MenuMapper.listSubMenuByParentId - ==> Parameters: 20(String)
2019-05-20 10:22:19.587 [http-nio-8080-exec-8] DEBUG o.f.m.d.system.MenuMapper.listSubMenuByParentId - <==      Total: 14
2019-05-20 10:22:19.588 [http-nio-8080-exec-8] DEBUG o.f.m.d.system.MenuMapper.listSubMenuByParentId - ==>  Preparing: select MENU_ID, MENU_NAME, MENU_URL, PARENT_ID, MENU_ICON, SHIRO_KEY, MENU_ORDER, MENU_STATE, MENU_TYPE from SYS_MENU where PARENT_ID = ? order by (MENU_ORDER+0) 
2019-05-20 10:22:19.589 [http-nio-8080-exec-8] DEBUG o.f.m.d.system.MenuMapper.listSubMenuByParentId - ==> Parameters: 57(String)
2019-05-20 10:22:19.597 [http-nio-8080-exec-8] DEBUG o.f.m.d.system.MenuMapper.listSubMenuByParentId - <==      Total: 0
2019-05-20 10:22:19.597 [http-nio-8080-exec-8] DEBUG o.f.m.d.system.MenuMapper.listSubMenuByParentId - ==>  Preparing: select MENU_ID, MENU_NAME, MENU_URL, PARENT_ID, MENU_ICON, SHIRO_KEY, MENU_ORDER, MENU_STATE, MENU_TYPE from SYS_MENU where PARENT_ID = ? order by (MENU_ORDER+0) 
2019-05-20 10:22:19.598 [http-nio-8080-exec-8] DEBUG o.f.m.d.system.MenuMapper.listSubMenuByParentId - ==> Parameters: 58(String)
2019-05-20 10:22:19.605 [http-nio-8080-exec-8] DEBUG o.f.m.d.system.MenuMapper.listSubMenuByParentId - <==      Total: 0
2019-05-20 10:22:19.605 [http-nio-8080-exec-8] DEBUG o.f.m.d.system.MenuMapper.listSubMenuByParentId - ==>  Preparing: select MENU_ID, MENU_NAME, MENU_URL, PARENT_ID, MENU_ICON, SHIRO_KEY, MENU_ORDER, MENU_STATE, MENU_TYPE from SYS_MENU where PARENT_ID = ? order by (MENU_ORDER+0) 
2019-05-20 10:22:19.606 [http-nio-8080-exec-8] DEBUG o.f.m.d.system.MenuMapper.listSubMenuByParentId - ==> Parameters: 59(String)
2019-05-20 10:22:19.614 [http-nio-8080-exec-8] DEBUG o.f.m.d.system.MenuMapper.listSubMenuByParentId - <==      Total: 0
2019-05-20 10:22:19.614 [http-nio-8080-exec-8] DEBUG o.f.m.d.system.MenuMapper.listSubMenuByParentId - ==>  Preparing: select MENU_ID, MENU_NAME, MENU_URL, PARENT_ID, MENU_ICON, SHIRO_KEY, MENU_ORDER, MENU_STATE, MENU_TYPE from SYS_MENU where PARENT_ID = ? order by (MENU_ORDER+0) 
2019-05-20 10:22:19.614 [http-nio-8080-exec-8] DEBUG o.f.m.d.system.MenuMapper.listSubMenuByParentId - ==> Parameters: 60(String)
2019-05-20 10:22:19.628 [http-nio-8080-exec-8] DEBUG o.f.m.d.system.MenuMapper.listSubMenuByParentId - <==      Total: 0
2019-05-20 10:22:19.629 [http-nio-8080-exec-8] DEBUG o.f.m.d.system.MenuMapper.listSubMenuByParentId - ==>  Preparing: select MENU_ID, MENU_NAME, MENU_URL, PARENT_ID, MENU_ICON, SHIRO_KEY, MENU_ORDER, MENU_STATE, MENU_TYPE from SYS_MENU where PARENT_ID = ? order by (MENU_ORDER+0) 
2019-05-20 10:22:19.629 [http-nio-8080-exec-8] DEBUG o.f.m.d.system.MenuMapper.listSubMenuByParentId - ==> Parameters: 61(String)
2019-05-20 10:22:19.639 [http-nio-8080-exec-8] DEBUG o.f.m.d.system.MenuMapper.listSubMenuByParentId - <==      Total: 0
2019-05-20 10:22:19.639 [http-nio-8080-exec-8] DEBUG o.f.m.d.system.MenuMapper.listSubMenuByParentId - ==>  Preparing: select MENU_ID, MENU_NAME, MENU_URL, PARENT_ID, MENU_ICON, SHIRO_KEY, MENU_ORDER, MENU_STATE, MENU_TYPE from SYS_MENU where PARENT_ID = ? order by (MENU_ORDER+0) 
2019-05-20 10:22:19.639 [http-nio-8080-exec-8] DEBUG o.f.m.d.system.MenuMapper.listSubMenuByParentId - ==> Parameters: 62(String)
2019-05-20 10:22:19.646 [http-nio-8080-exec-8] DEBUG o.f.m.d.system.MenuMapper.listSubMenuByParentId - <==      Total: 0
2019-05-20 10:22:19.646 [http-nio-8080-exec-8] DEBUG o.f.m.d.system.MenuMapper.listSubMenuByParentId - ==>  Preparing: select MENU_ID, MENU_NAME, MENU_URL, PARENT_ID, MENU_ICON, SHIRO_KEY, MENU_ORDER, MENU_STATE, MENU_TYPE from SYS_MENU where PARENT_ID = ? order by (MENU_ORDER+0) 
2019-05-20 10:22:19.646 [http-nio-8080-exec-8] DEBUG o.f.m.d.system.MenuMapper.listSubMenuByParentId - ==> Parameters: 63(String)
2019-05-20 10:22:19.652 [http-nio-8080-exec-8] DEBUG o.f.m.d.system.MenuMapper.listSubMenuByParentId - <==      Total: 0
2019-05-20 10:22:19.653 [http-nio-8080-exec-8] DEBUG o.f.m.d.system.MenuMapper.listSubMenuByParentId - ==>  Preparing: select MENU_ID, MENU_NAME, MENU_URL, PARENT_ID, MENU_ICON, SHIRO_KEY, MENU_ORDER, MENU_STATE, MENU_TYPE from SYS_MENU where PARENT_ID = ? order by (MENU_ORDER+0) 
2019-05-20 10:22:19.653 [http-nio-8080-exec-8] DEBUG o.f.m.d.system.MenuMapper.listSubMenuByParentId - ==> Parameters: 64(String)
2019-05-20 10:22:19.658 [http-nio-8080-exec-8] DEBUG o.f.m.d.system.MenuMapper.listSubMenuByParentId - <==      Total: 0
2019-05-20 10:22:19.659 [http-nio-8080-exec-8] DEBUG o.f.m.d.system.MenuMapper.listSubMenuByParentId - ==>  Preparing: select MENU_ID, MENU_NAME, MENU_URL, PARENT_ID, MENU_ICON, SHIRO_KEY, MENU_ORDER, MENU_STATE, MENU_TYPE from SYS_MENU where PARENT_ID = ? order by (MENU_ORDER+0) 
2019-05-20 10:22:19.659 [http-nio-8080-exec-8] DEBUG o.f.m.d.system.MenuMapper.listSubMenuByParentId - ==> Parameters: 65(String)
2019-05-20 10:22:19.671 [http-nio-8080-exec-8] DEBUG o.f.m.d.system.MenuMapper.listSubMenuByParentId - <==      Total: 0
2019-05-20 10:22:19.671 [http-nio-8080-exec-8] DEBUG o.f.m.d.system.MenuMapper.listSubMenuByParentId - ==>  Preparing: select MENU_ID, MENU_NAME, MENU_URL, PARENT_ID, MENU_ICON, SHIRO_KEY, MENU_ORDER, MENU_STATE, MENU_TYPE from SYS_MENU where PARENT_ID = ? order by (MENU_ORDER+0) 
2019-05-20 10:22:19.671 [http-nio-8080-exec-8] DEBUG o.f.m.d.system.MenuMapper.listSubMenuByParentId - ==> Parameters: 66(String)
2019-05-20 10:22:19.677 [http-nio-8080-exec-8] DEBUG o.f.m.d.system.MenuMapper.listSubMenuByParentId - <==      Total: 0
2019-05-20 10:22:19.677 [http-nio-8080-exec-8] DEBUG o.f.m.d.system.MenuMapper.listSubMenuByParentId - ==>  Preparing: select MENU_ID, MENU_NAME, MENU_URL, PARENT_ID, MENU_ICON, SHIRO_KEY, MENU_ORDER, MENU_STATE, MENU_TYPE from SYS_MENU where PARENT_ID = ? order by (MENU_ORDER+0) 
2019-05-20 10:22:19.677 [http-nio-8080-exec-8] DEBUG o.f.m.d.system.MenuMapper.listSubMenuByParentId - ==> Parameters: 67(String)
2019-05-20 10:22:19.682 [http-nio-8080-exec-8] DEBUG o.f.m.d.system.MenuMapper.listSubMenuByParentId - <==      Total: 0
2019-05-20 10:22:19.683 [http-nio-8080-exec-8] DEBUG o.f.m.d.system.MenuMapper.listSubMenuByParentId - ==>  Preparing: select MENU_ID, MENU_NAME, MENU_URL, PARENT_ID, MENU_ICON, SHIRO_KEY, MENU_ORDER, MENU_STATE, MENU_TYPE from SYS_MENU where PARENT_ID = ? order by (MENU_ORDER+0) 
2019-05-20 10:22:19.684 [http-nio-8080-exec-8] DEBUG o.f.m.d.system.MenuMapper.listSubMenuByParentId - ==> Parameters: 68(String)
2019-05-20 10:22:19.693 [http-nio-8080-exec-8] DEBUG o.f.m.d.system.MenuMapper.listSubMenuByParentId - <==      Total: 0
2019-05-20 10:22:19.693 [http-nio-8080-exec-8] DEBUG o.f.m.d.system.MenuMapper.listSubMenuByParentId - ==>  Preparing: select MENU_ID, MENU_NAME, MENU_URL, PARENT_ID, MENU_ICON, SHIRO_KEY, MENU_ORDER, MENU_STATE, MENU_TYPE from SYS_MENU where PARENT_ID = ? order by (MENU_ORDER+0) 
2019-05-20 10:22:19.693 [http-nio-8080-exec-8] DEBUG o.f.m.d.system.MenuMapper.listSubMenuByParentId - ==> Parameters: 69(String)
2019-05-20 10:22:19.702 [http-nio-8080-exec-8] DEBUG o.f.m.d.system.MenuMapper.listSubMenuByParentId - <==      Total: 0
2019-05-20 10:22:19.703 [http-nio-8080-exec-8] DEBUG o.f.m.d.system.MenuMapper.listSubMenuByParentId - ==>  Preparing: select MENU_ID, MENU_NAME, MENU_URL, PARENT_ID, MENU_ICON, SHIRO_KEY, MENU_ORDER, MENU_STATE, MENU_TYPE from SYS_MENU where PARENT_ID = ? order by (MENU_ORDER+0) 
2019-05-20 10:22:19.703 [http-nio-8080-exec-8] DEBUG o.f.m.d.system.MenuMapper.listSubMenuByParentId - ==> Parameters: 70(String)
2019-05-20 10:22:19.710 [http-nio-8080-exec-8] DEBUG o.f.m.d.system.MenuMapper.listSubMenuByParentId - <==      Total: 0
2019-05-20 10:22:19.711 [http-nio-8080-exec-8] DEBUG o.f.m.d.system.MenuMapper.listSubMenuByParentId - ==>  Preparing: select MENU_ID, MENU_NAME, MENU_URL, PARENT_ID, MENU_ICON, SHIRO_KEY, MENU_ORDER, MENU_STATE, MENU_TYPE from SYS_MENU where PARENT_ID = ? order by (MENU_ORDER+0) 
2019-05-20 10:22:19.712 [http-nio-8080-exec-8] DEBUG o.f.m.d.system.MenuMapper.listSubMenuByParentId - ==> Parameters: 4(String)
2019-05-20 10:22:19.719 [http-nio-8080-exec-8] DEBUG o.f.m.d.system.MenuMapper.listSubMenuByParentId - <==      Total: 0
2019-05-20 10:22:19.720 [http-nio-8080-exec-8] DEBUG o.f.m.d.system.MenuMapper.listSubMenuByParentId - ==>  Preparing: select MENU_ID, MENU_NAME, MENU_URL, PARENT_ID, MENU_ICON, SHIRO_KEY, MENU_ORDER, MENU_STATE, MENU_TYPE from SYS_MENU where PARENT_ID = ? order by (MENU_ORDER+0) 
2019-05-20 10:22:19.721 [http-nio-8080-exec-8] DEBUG o.f.m.d.system.MenuMapper.listSubMenuByParentId - ==> Parameters: 81(String)
2019-05-20 10:22:19.729 [http-nio-8080-exec-8] DEBUG o.f.m.d.system.MenuMapper.listSubMenuByParentId - <==      Total: 3
2019-05-20 10:22:19.729 [http-nio-8080-exec-8] DEBUG o.f.m.d.system.MenuMapper.listSubMenuByParentId - ==>  Preparing: select MENU_ID, MENU_NAME, MENU_URL, PARENT_ID, MENU_ICON, SHIRO_KEY, MENU_ORDER, MENU_STATE, MENU_TYPE from SYS_MENU where PARENT_ID = ? order by (MENU_ORDER+0) 
2019-05-20 10:22:19.729 [http-nio-8080-exec-8] DEBUG o.f.m.d.system.MenuMapper.listSubMenuByParentId - ==> Parameters: 82(String)
2019-05-20 10:22:19.737 [http-nio-8080-exec-8] DEBUG o.f.m.d.system.MenuMapper.listSubMenuByParentId - <==      Total: 4
2019-05-20 10:22:19.738 [http-nio-8080-exec-8] DEBUG o.f.m.d.system.MenuMapper.listSubMenuByParentId - ==>  Preparing: select MENU_ID, MENU_NAME, MENU_URL, PARENT_ID, MENU_ICON, SHIRO_KEY, MENU_ORDER, MENU_STATE, MENU_TYPE from SYS_MENU where PARENT_ID = ? order by (MENU_ORDER+0) 
2019-05-20 10:22:19.738 [http-nio-8080-exec-8] DEBUG o.f.m.d.system.MenuMapper.listSubMenuByParentId - ==> Parameters: 83(String)
2019-05-20 10:22:19.743 [http-nio-8080-exec-8] DEBUG o.f.m.d.system.MenuMapper.listSubMenuByParentId - <==      Total: 0
2019-05-20 10:22:19.744 [http-nio-8080-exec-8] DEBUG o.f.m.d.system.MenuMapper.listSubMenuByParentId - ==>  Preparing: select MENU_ID, MENU_NAME, MENU_URL, PARENT_ID, MENU_ICON, SHIRO_KEY, MENU_ORDER, MENU_STATE, MENU_TYPE from SYS_MENU where PARENT_ID = ? order by (MENU_ORDER+0) 
2019-05-20 10:22:19.744 [http-nio-8080-exec-8] DEBUG o.f.m.d.system.MenuMapper.listSubMenuByParentId - ==> Parameters: 84(String)
2019-05-20 10:22:19.751 [http-nio-8080-exec-8] DEBUG o.f.m.d.system.MenuMapper.listSubMenuByParentId - <==      Total: 0
2019-05-20 10:22:19.751 [http-nio-8080-exec-8] DEBUG o.f.m.d.system.MenuMapper.listSubMenuByParentId - ==>  Preparing: select MENU_ID, MENU_NAME, MENU_URL, PARENT_ID, MENU_ICON, SHIRO_KEY, MENU_ORDER, MENU_STATE, MENU_TYPE from SYS_MENU where PARENT_ID = ? order by (MENU_ORDER+0) 
2019-05-20 10:22:19.751 [http-nio-8080-exec-8] DEBUG o.f.m.d.system.MenuMapper.listSubMenuByParentId - ==> Parameters: 85(String)
2019-05-20 10:22:19.757 [http-nio-8080-exec-8] DEBUG o.f.m.d.system.MenuMapper.listSubMenuByParentId - <==      Total: 0
2019-05-20 10:22:19.758 [http-nio-8080-exec-8] DEBUG o.f.m.d.system.MenuMapper.listSubMenuByParentId - ==>  Preparing: select MENU_ID, MENU_NAME, MENU_URL, PARENT_ID, MENU_ICON, SHIRO_KEY, MENU_ORDER, MENU_STATE, MENU_TYPE from SYS_MENU where PARENT_ID = ? order by (MENU_ORDER+0) 
2019-05-20 10:22:19.758 [http-nio-8080-exec-8] DEBUG o.f.m.d.system.MenuMapper.listSubMenuByParentId - ==> Parameters: 86(String)
2019-05-20 10:22:19.764 [http-nio-8080-exec-8] DEBUG o.f.m.d.system.MenuMapper.listSubMenuByParentId - <==      Total: 0
2019-05-20 10:22:19.764 [http-nio-8080-exec-8] DEBUG o.f.m.d.system.MenuMapper.listSubMenuByParentId - ==>  Preparing: select MENU_ID, MENU_NAME, MENU_URL, PARENT_ID, MENU_ICON, SHIRO_KEY, MENU_ORDER, MENU_STATE, MENU_TYPE from SYS_MENU where PARENT_ID = ? order by (MENU_ORDER+0) 
2019-05-20 10:22:19.764 [http-nio-8080-exec-8] DEBUG o.f.m.d.system.MenuMapper.listSubMenuByParentId - ==> Parameters: 89(String)
2019-05-20 10:22:19.770 [http-nio-8080-exec-8] DEBUG o.f.m.d.system.MenuMapper.listSubMenuByParentId - <==      Total: 2
2019-05-20 10:22:19.771 [http-nio-8080-exec-8] DEBUG o.f.m.d.system.MenuMapper.listSubMenuByParentId - ==>  Preparing: select MENU_ID, MENU_NAME, MENU_URL, PARENT_ID, MENU_ICON, SHIRO_KEY, MENU_ORDER, MENU_STATE, MENU_TYPE from SYS_MENU where PARENT_ID = ? order by (MENU_ORDER+0) 
2019-05-20 10:22:19.771 [http-nio-8080-exec-8] DEBUG o.f.m.d.system.MenuMapper.listSubMenuByParentId - ==> Parameters: 90(String)
2019-05-20 10:22:19.777 [http-nio-8080-exec-8] DEBUG o.f.m.d.system.MenuMapper.listSubMenuByParentId - <==      Total: 0
2019-05-20 10:22:19.777 [http-nio-8080-exec-8] DEBUG o.f.m.d.system.MenuMapper.listSubMenuByParentId - ==>  Preparing: select MENU_ID, MENU_NAME, MENU_URL, PARENT_ID, MENU_ICON, SHIRO_KEY, MENU_ORDER, MENU_STATE, MENU_TYPE from SYS_MENU where PARENT_ID = ? order by (MENU_ORDER+0) 
2019-05-20 10:22:19.778 [http-nio-8080-exec-8] DEBUG o.f.m.d.system.MenuMapper.listSubMenuByParentId - ==> Parameters: 91(String)
2019-05-20 10:22:19.784 [http-nio-8080-exec-8] DEBUG o.f.m.d.system.MenuMapper.listSubMenuByParentId - <==      Total: 0
2019-05-20 10:22:19.785 [http-nio-8080-exec-8] DEBUG o.f.m.d.system.MenuMapper.listSubMenuByParentId - ==>  Preparing: select MENU_ID, MENU_NAME, MENU_URL, PARENT_ID, MENU_ICON, SHIRO_KEY, MENU_ORDER, MENU_STATE, MENU_TYPE from SYS_MENU where PARENT_ID = ? order by (MENU_ORDER+0) 
2019-05-20 10:22:19.785 [http-nio-8080-exec-8] DEBUG o.f.m.d.system.MenuMapper.listSubMenuByParentId - ==> Parameters: 87(String)
2019-05-20 10:22:19.817 [http-nio-8080-exec-8] DEBUG o.f.m.d.system.MenuMapper.listSubMenuByParentId - <==      Total: 6
2019-05-20 10:22:19.818 [http-nio-8080-exec-8] DEBUG o.f.m.d.system.MenuMapper.listSubMenuByParentId - ==>  Preparing: select MENU_ID, MENU_NAME, MENU_URL, PARENT_ID, MENU_ICON, SHIRO_KEY, MENU_ORDER, MENU_STATE, MENU_TYPE from SYS_MENU where PARENT_ID = ? order by (MENU_ORDER+0) 
2019-05-20 10:22:19.818 [http-nio-8080-exec-8] DEBUG o.f.m.d.system.MenuMapper.listSubMenuByParentId - ==> Parameters: 94(String)
2019-05-20 10:22:19.825 [http-nio-8080-exec-8] DEBUG o.f.m.d.system.MenuMapper.listSubMenuByParentId - <==      Total: 0
2019-05-20 10:22:19.826 [http-nio-8080-exec-8] DEBUG o.f.m.d.system.MenuMapper.listSubMenuByParentId - ==>  Preparing: select MENU_ID, MENU_NAME, MENU_URL, PARENT_ID, MENU_ICON, SHIRO_KEY, MENU_ORDER, MENU_STATE, MENU_TYPE from SYS_MENU where PARENT_ID = ? order by (MENU_ORDER+0) 
2019-05-20 10:22:19.826 [http-nio-8080-exec-8] DEBUG o.f.m.d.system.MenuMapper.listSubMenuByParentId - ==> Parameters: 95(String)
2019-05-20 10:22:19.832 [http-nio-8080-exec-8] DEBUG o.f.m.d.system.MenuMapper.listSubMenuByParentId - <==      Total: 0
2019-05-20 10:22:19.833 [http-nio-8080-exec-8] DEBUG o.f.m.d.system.MenuMapper.listSubMenuByParentId - ==>  Preparing: select MENU_ID, MENU_NAME, MENU_URL, PARENT_ID, MENU_ICON, SHIRO_KEY, MENU_ORDER, MENU_STATE, MENU_TYPE from SYS_MENU where PARENT_ID = ? order by (MENU_ORDER+0) 
2019-05-20 10:22:19.833 [http-nio-8080-exec-8] DEBUG o.f.m.d.system.MenuMapper.listSubMenuByParentId - ==> Parameters: 96(String)
2019-05-20 10:22:19.840 [http-nio-8080-exec-8] DEBUG o.f.m.d.system.MenuMapper.listSubMenuByParentId - <==      Total: 0
2019-05-20 10:22:19.840 [http-nio-8080-exec-8] DEBUG o.f.m.d.system.MenuMapper.listSubMenuByParentId - ==>  Preparing: select MENU_ID, MENU_NAME, MENU_URL, PARENT_ID, MENU_ICON, SHIRO_KEY, MENU_ORDER, MENU_STATE, MENU_TYPE from SYS_MENU where PARENT_ID = ? order by (MENU_ORDER+0) 
2019-05-20 10:22:19.840 [http-nio-8080-exec-8] DEBUG o.f.m.d.system.MenuMapper.listSubMenuByParentId - ==> Parameters: 97(String)
2019-05-20 10:22:19.846 [http-nio-8080-exec-8] DEBUG o.f.m.d.system.MenuMapper.listSubMenuByParentId - <==      Total: 0
2019-05-20 10:22:19.847 [http-nio-8080-exec-8] DEBUG o.f.m.d.system.MenuMapper.listSubMenuByParentId - ==>  Preparing: select MENU_ID, MENU_NAME, MENU_URL, PARENT_ID, MENU_ICON, SHIRO_KEY, MENU_ORDER, MENU_STATE, MENU_TYPE from SYS_MENU where PARENT_ID = ? order by (MENU_ORDER+0) 
2019-05-20 10:22:19.847 [http-nio-8080-exec-8] DEBUG o.f.m.d.system.MenuMapper.listSubMenuByParentId - ==> Parameters: 98(String)
2019-05-20 10:22:19.852 [http-nio-8080-exec-8] DEBUG o.f.m.d.system.MenuMapper.listSubMenuByParentId - <==      Total: 0
2019-05-20 10:22:19.853 [http-nio-8080-exec-8] DEBUG o.f.m.d.system.MenuMapper.listSubMenuByParentId - ==>  Preparing: select MENU_ID, MENU_NAME, MENU_URL, PARENT_ID, MENU_ICON, SHIRO_KEY, MENU_ORDER, MENU_STATE, MENU_TYPE from SYS_MENU where PARENT_ID = ? order by (MENU_ORDER+0) 
2019-05-20 10:22:19.853 [http-nio-8080-exec-8] DEBUG o.f.m.d.system.MenuMapper.listSubMenuByParentId - ==> Parameters: 99(String)
2019-05-20 10:22:19.860 [http-nio-8080-exec-8] DEBUG o.f.m.d.system.MenuMapper.listSubMenuByParentId - <==      Total: 0
2019-05-20 10:22:19.860 [http-nio-8080-exec-8] DEBUG o.f.m.d.system.MenuMapper.listSubMenuByParentId - ==>  Preparing: select MENU_ID, MENU_NAME, MENU_URL, PARENT_ID, MENU_ICON, SHIRO_KEY, MENU_ORDER, MENU_STATE, MENU_TYPE from SYS_MENU where PARENT_ID = ? order by (MENU_ORDER+0) 
2019-05-20 10:22:19.860 [http-nio-8080-exec-8] DEBUG o.f.m.d.system.MenuMapper.listSubMenuByParentId - ==> Parameters: 76(String)
2019-05-20 10:22:19.867 [http-nio-8080-exec-8] DEBUG o.f.m.d.system.MenuMapper.listSubMenuByParentId - <==      Total: 4
2019-05-20 10:22:19.868 [http-nio-8080-exec-8] DEBUG o.f.m.d.system.MenuMapper.listSubMenuByParentId - ==>  Preparing: select MENU_ID, MENU_NAME, MENU_URL, PARENT_ID, MENU_ICON, SHIRO_KEY, MENU_ORDER, MENU_STATE, MENU_TYPE from SYS_MENU where PARENT_ID = ? order by (MENU_ORDER+0) 
2019-05-20 10:22:19.868 [http-nio-8080-exec-8] DEBUG o.f.m.d.system.MenuMapper.listSubMenuByParentId - ==> Parameters: 77(String)
2019-05-20 10:22:19.874 [http-nio-8080-exec-8] DEBUG o.f.m.d.system.MenuMapper.listSubMenuByParentId - <==      Total: 0
2019-05-20 10:22:19.874 [http-nio-8080-exec-8] DEBUG o.f.m.d.system.MenuMapper.listSubMenuByParentId - ==>  Preparing: select MENU_ID, MENU_NAME, MENU_URL, PARENT_ID, MENU_ICON, SHIRO_KEY, MENU_ORDER, MENU_STATE, MENU_TYPE from SYS_MENU where PARENT_ID = ? order by (MENU_ORDER+0) 
2019-05-20 10:22:19.874 [http-nio-8080-exec-8] DEBUG o.f.m.d.system.MenuMapper.listSubMenuByParentId - ==> Parameters: 78(String)
2019-05-20 10:22:19.881 [http-nio-8080-exec-8] DEBUG o.f.m.d.system.MenuMapper.listSubMenuByParentId - <==      Total: 0
2019-05-20 10:22:19.881 [http-nio-8080-exec-8] DEBUG o.f.m.d.system.MenuMapper.listSubMenuByParentId - ==>  Preparing: select MENU_ID, MENU_NAME, MENU_URL, PARENT_ID, MENU_ICON, SHIRO_KEY, MENU_ORDER, MENU_STATE, MENU_TYPE from SYS_MENU where PARENT_ID = ? order by (MENU_ORDER+0) 
2019-05-20 10:22:19.881 [http-nio-8080-exec-8] DEBUG o.f.m.d.system.MenuMapper.listSubMenuByParentId - ==> Parameters: 79(String)
2019-05-20 10:22:19.887 [http-nio-8080-exec-8] DEBUG o.f.m.d.system.MenuMapper.listSubMenuByParentId - <==      Total: 0
2019-05-20 10:22:19.887 [http-nio-8080-exec-8] DEBUG o.f.m.d.system.MenuMapper.listSubMenuByParentId - ==>  Preparing: select MENU_ID, MENU_NAME, MENU_URL, PARENT_ID, MENU_ICON, SHIRO_KEY, MENU_ORDER, MENU_STATE, MENU_TYPE from SYS_MENU where PARENT_ID = ? order by (MENU_ORDER+0) 
2019-05-20 10:22:19.887 [http-nio-8080-exec-8] DEBUG o.f.m.d.system.MenuMapper.listSubMenuByParentId - ==> Parameters: 80(String)
2019-05-20 10:22:19.895 [http-nio-8080-exec-8] DEBUG o.f.m.d.system.MenuMapper.listSubMenuByParentId - <==      Total: 0
2019-05-20 10:22:19.895 [http-nio-8080-exec-8] DEBUG o.f.m.d.system.MenuMapper.listSubMenuByParentId - ==>  Preparing: select MENU_ID, MENU_NAME, MENU_URL, PARENT_ID, MENU_ICON, SHIRO_KEY, MENU_ORDER, MENU_STATE, MENU_TYPE from SYS_MENU where PARENT_ID = ? order by (MENU_ORDER+0) 
2019-05-20 10:22:19.895 [http-nio-8080-exec-8] DEBUG o.f.m.d.system.MenuMapper.listSubMenuByParentId - ==> Parameters: 92(String)
2019-05-20 10:22:19.903 [http-nio-8080-exec-8] DEBUG o.f.m.d.system.MenuMapper.listSubMenuByParentId - <==      Total: 1
2019-05-20 10:22:19.903 [http-nio-8080-exec-8] DEBUG o.f.m.d.system.MenuMapper.listSubMenuByParentId - ==>  Preparing: select MENU_ID, MENU_NAME, MENU_URL, PARENT_ID, MENU_ICON, SHIRO_KEY, MENU_ORDER, MENU_STATE, MENU_TYPE from SYS_MENU where PARENT_ID = ? order by (MENU_ORDER+0) 
2019-05-20 10:22:19.904 [http-nio-8080-exec-8] DEBUG o.f.m.d.system.MenuMapper.listSubMenuByParentId - ==> Parameters: 93(String)
2019-05-20 10:22:19.909 [http-nio-8080-exec-8] DEBUG o.f.m.d.system.MenuMapper.listSubMenuByParentId - <==      Total: 0
2019-05-20 10:22:19.934 [http-nio-8080-exec-8] DEBUG org.fh.mapper.dsno1.system.UsersMapper.saveIP - ==>  Preparing: update SYS_USER set IP = ?, LAST_LOGIN = ? where USERNAME = ? 
2019-05-20 10:22:19.934 [http-nio-8080-exec-8] DEBUG org.fh.mapper.dsno1.system.UsersMapper.saveIP - ==> Parameters: 0:0:0:0:0:0:0:1(String), 2019-05-20 10:22:19(String), admin(String)
2019-05-20 10:22:19.945 [http-nio-8080-exec-8] DEBUG org.fh.mapper.dsno1.system.UsersMapper.saveIP - <==    Updates: 1
2019-05-20 10:22:20.699 [http-nio-8080-exec-3] DEBUG org.fh.mapper.dsno1.system.PhotoMapper.findById - ==>  Preparing: select USERNAME, PHOTO0, PHOTO1, PHOTO2, PHOTO3, USERPHOTO_ID from SYS_USERPHOTO where USERNAME = ? 
2019-05-20 10:22:20.700 [http-nio-8080-exec-3] DEBUG org.fh.mapper.dsno1.system.PhotoMapper.findById - ==> Parameters: admin(String)
2019-05-20 10:22:20.707 [http-nio-8080-exec-3] DEBUG org.fh.mapper.dsno1.system.PhotoMapper.findById - <==      Total: 0
2019-05-20 10:22:20.733 [http-nio-8080-exec-3] DEBUG o.f.mapper.dsno1.system.FhsmsMapper.findFhsmsCount - ==>  Preparing: select count(FHSMS_ID) fhsmsCount from SYS_FHSMS where STATUS = '2' and TYPE = '1' and FROM_USERNAME = ? 
2019-05-20 10:22:20.734 [http-nio-8080-exec-3] DEBUG o.f.mapper.dsno1.system.FhsmsMapper.findFhsmsCount - ==> Parameters: admin(String)
2019-05-20 10:22:20.740 [http-nio-8080-exec-3] DEBUG o.f.mapper.dsno1.system.FhsmsMapper.findFhsmsCount - <==      Total: 1
2019-05-20 10:22:20.762 [http-nio-8080-exec-3] DEBUG o.f.mapper.dsno1.system.UsersMapper.findByUsername - ==>  Preparing: select USER_ID, USERNAME, PASSWORD, NAME, ROLE_ID, LAST_LOGIN, IP, STATUS, BZ, SKIN, EMAIL, NUMBER, PHONE, ROLE_IDS, STATE from SYS_USER where USERNAME = ? 
2019-05-20 10:22:20.763 [http-nio-8080-exec-3] DEBUG o.f.mapper.dsno1.system.UsersMapper.findByUsername - ==> Parameters: admin(String)
2019-05-20 10:22:20.771 [http-nio-8080-exec-3] DEBUG o.f.mapper.dsno1.system.UsersMapper.findByUsername - <==      Total: 1
2019-05-20 10:22:20.839 [http-nio-8080-exec-3] DEBUG o.f.m.d.s.RoleMapper.listAllRolesByArryROLE_ID - ==>  Preparing: select RNUMBER from SYS_ROLE where ROLE_ID in ( ? ) 
2019-05-20 10:22:20.839 [http-nio-8080-exec-3] DEBUG o.f.m.d.s.RoleMapper.listAllRolesByArryROLE_ID - ==> Parameters: 1(String)
2019-05-20 10:22:20.845 [http-nio-8080-exec-3] DEBUG o.f.m.d.s.RoleMapper.listAllRolesByArryROLE_ID - <==      Total: 1
2019-05-20 10:22:20.929 [http-nio-8080-exec-8] DEBUG o.fh.mapper.dsno1.act.RuprocdefMapper.datalistPage - ==>  Preparing: select count(0) from (select f.*, p.NAME_ PNAME_, p.DGRM_RESOURCE_NAME_ from ACT_RU_TASK f left join ACT_RE_PROCDEF p on f.PROC_DEF_ID_ = p.ID_ where 1=1 and ( f.ASSIGNEE_ = ? or f.ASSIGNEE_ in ('R20170000000001') ) order by f.CREATE_TIME_ desc) tmp_count 
2019-05-20 10:22:20.930 [http-nio-8080-exec-8] DEBUG o.fh.mapper.dsno1.act.RuprocdefMapper.datalistPage - ==> Parameters: admin(String)
2019-05-20 10:22:20.937 [http-nio-8080-exec-8] DEBUG o.fh.mapper.dsno1.act.RuprocdefMapper.datalistPage - ==>  Preparing: select f.*, p.NAME_ PNAME_, p.DGRM_RESOURCE_NAME_ from ACT_RU_TASK f left join ACT_RE_PROCDEF p on f.PROC_DEF_ID_ = p.ID_ where 1=1 and ( f.ASSIGNEE_ = ? or f.ASSIGNEE_ in ('R20170000000001') ) order by f.CREATE_TIME_ desc limit 0,5 
2019-05-20 10:22:20.937 [http-nio-8080-exec-8] DEBUG o.fh.mapper.dsno1.act.RuprocdefMapper.datalistPage - ==> Parameters: admin(String)
2019-05-20 10:22:20.949 [http-nio-8080-exec-8] DEBUG o.fh.mapper.dsno1.act.RuprocdefMapper.datalistPage - <==      Total: 5
2019-05-20 10:23:26.003 [http-nio-8080-exec-4] DEBUG o.fh.mapper.dsno1.act.RuprocdefMapper.datalistPage - ==>  Preparing: select count(0) from (select f.*, p.NAME_ PNAME_, p.DGRM_RESOURCE_NAME_ from ACT_RU_TASK f left join ACT_RE_PROCDEF p on f.PROC_DEF_ID_ = p.ID_ where 1=1 and ( f.ASSIGNEE_ = ? or f.ASSIGNEE_ in ('R20170000000001') ) order by f.CREATE_TIME_ desc) tmp_count 
2019-05-20 10:23:26.003 [http-nio-8080-exec-4] DEBUG o.fh.mapper.dsno1.act.RuprocdefMapper.datalistPage - ==> Parameters: admin(String)
2019-05-20 10:23:26.016 [http-nio-8080-exec-4] DEBUG o.fh.mapper.dsno1.act.RuprocdefMapper.datalistPage - ==>  Preparing: select f.*, p.NAME_ PNAME_, p.DGRM_RESOURCE_NAME_ from ACT_RU_TASK f left join ACT_RE_PROCDEF p on f.PROC_DEF_ID_ = p.ID_ where 1=1 and ( f.ASSIGNEE_ = ? or f.ASSIGNEE_ in ('R20170000000001') ) order by f.CREATE_TIME_ desc limit 0,10 
2019-05-20 10:23:26.016 [http-nio-8080-exec-4] DEBUG o.fh.mapper.dsno1.act.RuprocdefMapper.datalistPage - ==> Parameters: admin(String)
2019-05-20 10:23:26.025 [http-nio-8080-exec-4] DEBUG o.fh.mapper.dsno1.act.RuprocdefMapper.datalistPage - <==      Total: 10
2019-05-20 10:23:29.134 [http-nio-8080-exec-6] DEBUG org.fh.mapper.dsno1.act.RuprocdefMapper.varList - ==>  Preparing: select * from ACT_RU_VARIABLE where 1=1 and PROC_INST_ID_ = ? and TASK_ID_ is NULL 
2019-05-20 10:23:29.134 [http-nio-8080-exec-6] DEBUG org.fh.mapper.dsno1.act.RuprocdefMapper.varList - ==> Parameters: 467501(String)
2019-05-20 10:23:29.143 [http-nio-8080-exec-6] DEBUG org.fh.mapper.dsno1.act.RuprocdefMapper.varList - <==      Total: 3
2019-05-20 10:23:29.167 [http-nio-8080-exec-6] DEBUG o.fh.mapper.dsno1.act.HiprocdefMapper.selectToName - ==>  Preparing: select '接收人员' as NAME_, u.NAME as TEXT_ from ACT_HI_ACTINST ht1 left join ACT_HI_VARINST hv1 on ht1.TASK_ID_ = hv1.TASK_ID_ LEFT JOIN sys_user u ON u.USERNAME=ht1.ASSIGNEE_ where ht1.PROC_INST_ID_ = ? AND ht1.ACT_ID_='QJ2' order by ht1.ID_ DESC LIMIT 1 
2019-05-20 10:23:29.167 [http-nio-8080-exec-6] DEBUG o.fh.mapper.dsno1.act.HiprocdefMapper.selectToName - ==> Parameters: 467501(String)
2019-05-20 10:23:29.182 [http-nio-8080-exec-6] DEBUG o.fh.mapper.dsno1.act.HiprocdefMapper.selectToName - <==      Total: 0
2019-05-20 10:23:29.206 [http-nio-8080-exec-6] DEBUG org.fh.mapper.dsno1.act.RuprocdefMapper.hiTaskList - ==>  Preparing: select ht.*, hv.TEXT_ from ACT_HI_ACTINST ht left join ACT_HI_VARINST hv on ht.TASK_ID_ = hv.TASK_ID_ where 1=1 and ht.PROC_INST_ID_ = ? order by ht.ID_ 
2019-05-20 10:23:29.207 [http-nio-8080-exec-6] DEBUG org.fh.mapper.dsno1.act.RuprocdefMapper.hiTaskList - ==> Parameters: 467501(String)
2019-05-20 10:23:29.214 [http-nio-8080-exec-6] DEBUG org.fh.mapper.dsno1.act.RuprocdefMapper.hiTaskList - <==      Total: 2
2019-05-20 10:24:21.078 [http-nio-8080-exec-8] DEBUG org.fh.mapper.dsno1.fhoa.StudyMapper.datalistPage - ==>  Preparing: select count(0) from (select f.STARTTIME, f.NAME, (select u.`NAME` from ACT_HI_ACTINST ht1 left join ACT_HI_VARINST hv1 on ht1.TASK_ID_ = hv1.TASK_ID_ LEFT JOIN sys_user u ON u.USERNAME=ht1.ASSIGNEE_ where ht1.PROC_INST_ID_ = f.PROC_INST_ID_ AND ht1.ACT_ID_='QJ2' order by ht1.ID_ DESC LIMIT 1) as TONAME, f.COPE_NAME, f.CONTENT, f.SCORE, (select END_TIME_ from ACT_HI_ACTINST ht1 left join ACT_HI_VARINST hv1 on ht1.TASK_ID_ = hv1.TASK_ID_ where ht1.PROC_INST_ID_ = f.PROC_INST_ID_ order by ht1.ID_ DESC LIMIT 1) as ENDTIME, f.PROC_INST_ID_, f.STUDY_ID from OA_STUDY f where 1=1 ORDER BY f.STARTTIME DESC) tmp_count 
2019-05-20 10:24:21.079 [http-nio-8080-exec-8] DEBUG org.fh.mapper.dsno1.fhoa.StudyMapper.datalistPage - ==> Parameters: 
2019-05-20 10:24:21.085 [http-nio-8080-exec-8] DEBUG org.fh.mapper.dsno1.fhoa.StudyMapper.datalistPage - ==>  Preparing: select f.STARTTIME, f.NAME, (select u.`NAME` from ACT_HI_ACTINST ht1 left join ACT_HI_VARINST hv1 on ht1.TASK_ID_ = hv1.TASK_ID_ LEFT JOIN sys_user u ON u.USERNAME=ht1.ASSIGNEE_ where ht1.PROC_INST_ID_ = f.PROC_INST_ID_ AND ht1.ACT_ID_='QJ2' order by ht1.ID_ DESC LIMIT 1) as TONAME, f.COPE_NAME, f.CONTENT, f.SCORE, (select END_TIME_ from ACT_HI_ACTINST ht1 left join ACT_HI_VARINST hv1 on ht1.TASK_ID_ = hv1.TASK_ID_ where ht1.PROC_INST_ID_ = f.PROC_INST_ID_ order by ht1.ID_ DESC LIMIT 1) as ENDTIME, f.PROC_INST_ID_, f.STUDY_ID from OA_STUDY f where 1=1 ORDER BY f.STARTTIME DESC limit 0,10 
2019-05-20 10:24:21.085 [http-nio-8080-exec-8] DEBUG org.fh.mapper.dsno1.fhoa.StudyMapper.datalistPage - ==> Parameters: 
2019-05-20 10:24:21.091 [http-nio-8080-exec-8] DEBUG org.fh.mapper.dsno1.fhoa.StudyMapper.datalistPage - <==      Total: 0
2019-05-20 10:24:22.745 [http-nio-8080-exec-7] DEBUG o.f.mapper.dsno1.fhoa.StudyplanMapper.datalistPage - ==>  Preparing: select count(0) from (select f.NAME, (select u.`NAME` from ACT_HI_ACTINST ht1 left join ACT_HI_VARINST hv1 on ht1.TASK_ID_ = hv1.TASK_ID_ LEFT JOIN sys_user u ON u.USERNAME=ht1.ASSIGNEE_ where ht1.PROC_INST_ID_ = f.PROC_INST_ID_ AND ht1.ACT_ID_='QJ2' order by ht1.ID_ DESC LIMIT 1) as TONAME, f.COPYNAME, f.STARTTIME, (select END_TIME_ from ACT_HI_ACTINST ht1 left join ACT_HI_VARINST hv1 on ht1.TASK_ID_ = hv1.TASK_ID_ where ht1.PROC_INST_ID_ = f.PROC_INST_ID_ order by ht1.ID_ DESC LIMIT 1) as ENDTIME, (select ACT_NAME_ from ACT_HI_ACTINST ht1 left join ACT_HI_VARINST hv1 on ht1.TASK_ID_ = hv1.TASK_ID_ where ht1.PROC_INST_ID_ = f.PROC_INST_ID_ order by ht1.ID_ DESC LIMIT 1) STATE, f.PROC_INST_ID_, f.STUDYPLAN_ID from OA_STUDYPLAN f where 1=1 ORDER BY f.STARTTIME DESC) tmp_count 
2019-05-20 10:24:22.745 [http-nio-8080-exec-7] DEBUG o.f.mapper.dsno1.fhoa.StudyplanMapper.datalistPage - ==> Parameters: 
2019-05-20 10:24:22.752 [http-nio-8080-exec-7] DEBUG o.f.mapper.dsno1.fhoa.StudyplanMapper.datalistPage - ==>  Preparing: select f.NAME, (select u.`NAME` from ACT_HI_ACTINST ht1 left join ACT_HI_VARINST hv1 on ht1.TASK_ID_ = hv1.TASK_ID_ LEFT JOIN sys_user u ON u.USERNAME=ht1.ASSIGNEE_ where ht1.PROC_INST_ID_ = f.PROC_INST_ID_ AND ht1.ACT_ID_='QJ2' order by ht1.ID_ DESC LIMIT 1) as TONAME, f.COPYNAME, f.STARTTIME, (select END_TIME_ from ACT_HI_ACTINST ht1 left join ACT_HI_VARINST hv1 on ht1.TASK_ID_ = hv1.TASK_ID_ where ht1.PROC_INST_ID_ = f.PROC_INST_ID_ order by ht1.ID_ DESC LIMIT 1) as ENDTIME, (select ACT_NAME_ from ACT_HI_ACTINST ht1 left join ACT_HI_VARINST hv1 on ht1.TASK_ID_ = hv1.TASK_ID_ where ht1.PROC_INST_ID_ = f.PROC_INST_ID_ order by ht1.ID_ DESC LIMIT 1) STATE, f.PROC_INST_ID_, f.STUDYPLAN_ID from OA_STUDYPLAN f where 1=1 ORDER BY f.STARTTIME DESC limit 0,10 
2019-05-20 10:24:22.752 [http-nio-8080-exec-7] DEBUG o.f.mapper.dsno1.fhoa.StudyplanMapper.datalistPage - ==> Parameters: 
2019-05-20 10:24:22.759 [http-nio-8080-exec-7] DEBUG o.f.mapper.dsno1.fhoa.StudyplanMapper.datalistPage - <==      Total: 0
2019-05-20 10:24:25.133 [http-nio-8080-exec-6] DEBUG org.fh.mapper.dsno1.fhoa.StudyplanMapper.save - ==>  Preparing: insert into OA_STUDYPLAN ( NAME, TONAME, COPYNAME, STARTTIME, ENDTIME, STATE, PROC_INST_ID_, STUDYPLAN_ID ) values ( ?, ?, ?, ?, ?, ?, ?, ? ) 
2019-05-20 10:24:25.135 [http-nio-8080-exec-6] DEBUG org.fh.mapper.dsno1.fhoa.StudyplanMapper.save - ==> Parameters: 系统管理员(String), null, null, 2019-05-20 10:24:25.125(Timestamp), null, null, null, 451731f1ad914a328e1fc132418976e4(String)
2019-05-20 10:24:25.149 [http-nio-8080-exec-6] DEBUG org.fh.mapper.dsno1.fhoa.StudyplanMapper.save - <==    Updates: 1
2019-05-20 10:24:25.172 [http-nio-8080-exec-6] DEBUG org.fh.mapper.dsno1.fhoa.StudyplanMapper.findById - ==>  Preparing: select f.NAME, f.TONAME, f.COPYNAME, f.STARTTIME, f.ENDTIME, f.STATE, f.PROC_INST_ID_, f.STUDYPLAN_ID from OA_STUDYPLAN f where f.STUDYPLAN_ID = ? 
2019-05-20 10:24:25.172 [http-nio-8080-exec-6] DEBUG org.fh.mapper.dsno1.fhoa.StudyplanMapper.findById - ==> Parameters: 451731f1ad914a328e1fc132418976e4(String)
2019-05-20 10:24:25.179 [http-nio-8080-exec-6] DEBUG org.fh.mapper.dsno1.fhoa.StudyplanMapper.findById - <==      Total: 1
2019-05-20 10:24:25.541 [http-nio-8080-exec-6] DEBUG org.fh.mapper.dsno1.fhoa.StudyplanMapper.edit - ==>  Preparing: update OA_STUDYPLAN set PROC_INST_ID_ = ?, STUDYPLAN_ID = STUDYPLAN_ID where STUDYPLAN_ID = ? 
2019-05-20 10:24:25.542 [http-nio-8080-exec-6] DEBUG org.fh.mapper.dsno1.fhoa.StudyplanMapper.edit - ==> Parameters: 472501(String), 451731f1ad914a328e1fc132418976e4(String)
2019-05-20 10:24:25.553 [http-nio-8080-exec-6] DEBUG org.fh.mapper.dsno1.fhoa.StudyplanMapper.edit - <==    Updates: 1
2019-05-20 10:24:25.598 [http-nio-8080-exec-9] DEBUG o.f.m.dsno1.fhoa.StudyplanMxMapper.datalistPage - ==>  Preparing: select count(0) from (select f.BOOKNAME, f.BOOKCONTET, f.COUNT, f.STUDYSTARTTIME, f.STUDYENDTIME, f.SCORE, f.STUDYPLANMX_ID, f.STUDYPLAN_ID from OA_STUDYPLANMX f where f.STUDYPLAN_ID = ?) tmp_count 
2019-05-20 10:24:25.598 [http-nio-8080-exec-9] DEBUG o.f.m.dsno1.fhoa.StudyplanMxMapper.datalistPage - ==> Parameters: 451731f1ad914a328e1fc132418976e4(String)
2019-05-20 10:24:25.604 [http-nio-8080-exec-9] DEBUG o.f.m.dsno1.fhoa.StudyplanMxMapper.datalistPage - ==>  Preparing: select f.BOOKNAME, f.BOOKCONTET, f.COUNT, f.STUDYSTARTTIME, f.STUDYENDTIME, f.SCORE, f.STUDYPLANMX_ID, f.STUDYPLAN_ID from OA_STUDYPLANMX f where f.STUDYPLAN_ID = ? limit 0,10 
2019-05-20 10:24:25.604 [http-nio-8080-exec-9] DEBUG o.f.m.dsno1.fhoa.StudyplanMxMapper.datalistPage - ==> Parameters: 451731f1ad914a328e1fc132418976e4(String)
2019-05-20 10:24:25.613 [http-nio-8080-exec-9] DEBUG o.f.m.dsno1.fhoa.StudyplanMxMapper.datalistPage - <==      Total: 0
2019-05-20 10:24:38.328 [http-nio-8080-exec-3] DEBUG o.f.mapper.dsno1.fhoa.StudyplanMapper.datalistPage - ==>  Preparing: select count(0) from (select f.NAME, (select u.`NAME` from ACT_HI_ACTINST ht1 left join ACT_HI_VARINST hv1 on ht1.TASK_ID_ = hv1.TASK_ID_ LEFT JOIN sys_user u ON u.USERNAME=ht1.ASSIGNEE_ where ht1.PROC_INST_ID_ = f.PROC_INST_ID_ AND ht1.ACT_ID_='QJ2' order by ht1.ID_ DESC LIMIT 1) as TONAME, f.COPYNAME, f.STARTTIME, (select END_TIME_ from ACT_HI_ACTINST ht1 left join ACT_HI_VARINST hv1 on ht1.TASK_ID_ = hv1.TASK_ID_ where ht1.PROC_INST_ID_ = f.PROC_INST_ID_ order by ht1.ID_ DESC LIMIT 1) as ENDTIME, (select ACT_NAME_ from ACT_HI_ACTINST ht1 left join ACT_HI_VARINST hv1 on ht1.TASK_ID_ = hv1.TASK_ID_ where ht1.PROC_INST_ID_ = f.PROC_INST_ID_ order by ht1.ID_ DESC LIMIT 1) STATE, f.PROC_INST_ID_, f.STUDYPLAN_ID from OA_STUDYPLAN f where 1=1 ORDER BY f.STARTTIME DESC) tmp_count 
2019-05-20 10:24:38.329 [http-nio-8080-exec-3] DEBUG o.f.mapper.dsno1.fhoa.StudyplanMapper.datalistPage - ==> Parameters: 
2019-05-20 10:24:38.335 [http-nio-8080-exec-3] DEBUG o.f.mapper.dsno1.fhoa.StudyplanMapper.datalistPage - ==>  Preparing: select f.NAME, (select u.`NAME` from ACT_HI_ACTINST ht1 left join ACT_HI_VARINST hv1 on ht1.TASK_ID_ = hv1.TASK_ID_ LEFT JOIN sys_user u ON u.USERNAME=ht1.ASSIGNEE_ where ht1.PROC_INST_ID_ = f.PROC_INST_ID_ AND ht1.ACT_ID_='QJ2' order by ht1.ID_ DESC LIMIT 1) as TONAME, f.COPYNAME, f.STARTTIME, (select END_TIME_ from ACT_HI_ACTINST ht1 left join ACT_HI_VARINST hv1 on ht1.TASK_ID_ = hv1.TASK_ID_ where ht1.PROC_INST_ID_ = f.PROC_INST_ID_ order by ht1.ID_ DESC LIMIT 1) as ENDTIME, (select ACT_NAME_ from ACT_HI_ACTINST ht1 left join ACT_HI_VARINST hv1 on ht1.TASK_ID_ = hv1.TASK_ID_ where ht1.PROC_INST_ID_ = f.PROC_INST_ID_ order by ht1.ID_ DESC LIMIT 1) STATE, f.PROC_INST_ID_, f.STUDYPLAN_ID from OA_STUDYPLAN f where 1=1 ORDER BY f.STARTTIME DESC limit 0,10 
2019-05-20 10:24:38.335 [http-nio-8080-exec-3] DEBUG o.f.mapper.dsno1.fhoa.StudyplanMapper.datalistPage - ==> Parameters: 
2019-05-20 10:24:38.346 [http-nio-8080-exec-3] DEBUG o.f.mapper.dsno1.fhoa.StudyplanMapper.datalistPage - <==      Total: 1
2019-05-20 10:24:39.495 [http-nio-8080-exec-8] DEBUG o.fh.mapper.dsno1.fhoa.WorkplanMapper.datalistPage - ==>  Preparing: select count(0) from (select f.NAME, (select u.`NAME` from ACT_HI_ACTINST ht1 left join ACT_HI_VARINST hv1 on ht1.TASK_ID_ = hv1.TASK_ID_ LEFT JOIN sys_user u ON u.USERNAME=ht1.ASSIGNEE_ where ht1.PROC_INST_ID_ = f.PROC_INST_ID_ AND ht1.ACT_ID_='QJ2' order by ht1.ID_ DESC LIMIT 1) as TONAME, f.COPYNAME, f.CONTENET, f.STARTTIME, (select END_TIME_ from ACT_HI_ACTINST ht1 left join ACT_HI_VARINST hv1 on ht1.TASK_ID_ = hv1.TASK_ID_ where ht1.PROC_INST_ID_ = f.PROC_INST_ID_ order by ht1.ID_ DESC LIMIT 1) ENDTIME, f.PROC_INST_ID_, (select ACT_NAME_ from ACT_HI_ACTINST ht1 left join ACT_HI_VARINST hv1 on ht1.TASK_ID_ = hv1.TASK_ID_ where ht1.PROC_INST_ID_ = f.PROC_INST_ID_ order by ht1.ID_ DESC LIMIT 1) STATE, f.WORKPLAN_ID from OA_WORKPLAN f where 1=1 ORDER BY f.STARTTIME DESC) tmp_count 
2019-05-20 10:24:39.495 [http-nio-8080-exec-8] DEBUG o.fh.mapper.dsno1.fhoa.WorkplanMapper.datalistPage - ==> Parameters: 
2019-05-20 10:24:39.502 [http-nio-8080-exec-8] DEBUG o.fh.mapper.dsno1.fhoa.WorkplanMapper.datalistPage - ==>  Preparing: select f.NAME, (select u.`NAME` from ACT_HI_ACTINST ht1 left join ACT_HI_VARINST hv1 on ht1.TASK_ID_ = hv1.TASK_ID_ LEFT JOIN sys_user u ON u.USERNAME=ht1.ASSIGNEE_ where ht1.PROC_INST_ID_ = f.PROC_INST_ID_ AND ht1.ACT_ID_='QJ2' order by ht1.ID_ DESC LIMIT 1) as TONAME, f.COPYNAME, f.CONTENET, f.STARTTIME, (select END_TIME_ from ACT_HI_ACTINST ht1 left join ACT_HI_VARINST hv1 on ht1.TASK_ID_ = hv1.TASK_ID_ where ht1.PROC_INST_ID_ = f.PROC_INST_ID_ order by ht1.ID_ DESC LIMIT 1) ENDTIME, f.PROC_INST_ID_, (select ACT_NAME_ from ACT_HI_ACTINST ht1 left join ACT_HI_VARINST hv1 on ht1.TASK_ID_ = hv1.TASK_ID_ where ht1.PROC_INST_ID_ = f.PROC_INST_ID_ order by ht1.ID_ DESC LIMIT 1) STATE, f.WORKPLAN_ID from OA_WORKPLAN f where 1=1 ORDER BY f.STARTTIME DESC limit 0,10 
2019-05-20 10:24:39.502 [http-nio-8080-exec-8] DEBUG o.fh.mapper.dsno1.fhoa.WorkplanMapper.datalistPage - ==> Parameters: 
2019-05-20 10:24:39.508 [http-nio-8080-exec-8] DEBUG o.fh.mapper.dsno1.fhoa.WorkplanMapper.datalistPage - <==      Total: 0
2019-05-20 10:24:42.504 [http-nio-8080-exec-1] DEBUG org.fh.mapper.dsno1.fhoa.WorkplanMapper.save - ==>  Preparing: insert into OA_WORKPLAN ( NAME, TONAME, COPYNAME, CONTENET, STARTTIME, ENDTIME, PROC_INST_ID_, STATE, WORKPLAN_ID ) values ( ?, ?, ?, ?, ?, ?, ?, ?, ? ) 
2019-05-20 10:24:42.505 [http-nio-8080-exec-1] DEBUG org.fh.mapper.dsno1.fhoa.WorkplanMapper.save - ==> Parameters: 系统管理员(String), null, null, null, 2019-05-20 10:24:42.496(Timestamp), null, null, null, dc19e81594aa48b0af2418a7c0c81095(String)
2019-05-20 10:24:42.526 [http-nio-8080-exec-1] DEBUG org.fh.mapper.dsno1.fhoa.WorkplanMapper.save - <==    Updates: 1
2019-05-20 10:24:42.556 [http-nio-8080-exec-1] DEBUG org.fh.mapper.dsno1.fhoa.WorkplanMapper.findById - ==>  Preparing: select f.NAME, f.TONAME, f.COPYNAME, f.CONTENET, f.STARTTIME, f.ENDTIME, f.PROC_INST_ID_, f.STATE, f.WORKPLAN_ID from OA_WORKPLAN f where f.WORKPLAN_ID = ? 
2019-05-20 10:24:42.556 [http-nio-8080-exec-1] DEBUG org.fh.mapper.dsno1.fhoa.WorkplanMapper.findById - ==> Parameters: dc19e81594aa48b0af2418a7c0c81095(String)
2019-05-20 10:24:42.562 [http-nio-8080-exec-1] DEBUG org.fh.mapper.dsno1.fhoa.WorkplanMapper.findById - <==      Total: 1
2019-05-20 10:24:42.754 [http-nio-8080-exec-1] DEBUG org.fh.mapper.dsno1.fhoa.WorkplanMapper.edit - ==>  Preparing: update OA_WORKPLAN set PROC_INST_ID_ = ?, WORKPLAN_ID = WORKPLAN_ID where WORKPLAN_ID = ? 
2019-05-20 10:24:42.754 [http-nio-8080-exec-1] DEBUG org.fh.mapper.dsno1.fhoa.WorkplanMapper.edit - ==> Parameters: 472510(String), dc19e81594aa48b0af2418a7c0c81095(String)
2019-05-20 10:24:42.766 [http-nio-8080-exec-1] DEBUG org.fh.mapper.dsno1.fhoa.WorkplanMapper.edit - <==    Updates: 1
2019-05-20 10:24:42.823 [http-nio-8080-exec-4] DEBUG o.f.m.dsno1.fhoa.WorkplanMxMapper.datalistPage - ==>  Preparing: select count(0) from (select f.CONTENTDETAIL, f.PLANTIME, f.PROGRESS, f.SCORE, f.WORKPLANMX_ID, f.WORKPLAN_ID from OA_WORKPLANMX f where f.WORKPLAN_ID = ?) tmp_count 
2019-05-20 10:24:42.823 [http-nio-8080-exec-4] DEBUG o.f.m.dsno1.fhoa.WorkplanMxMapper.datalistPage - ==> Parameters: dc19e81594aa48b0af2418a7c0c81095(String)
2019-05-20 10:24:42.832 [http-nio-8080-exec-4] DEBUG o.f.m.dsno1.fhoa.WorkplanMxMapper.datalistPage - ==>  Preparing: select f.CONTENTDETAIL, f.PLANTIME, f.PROGRESS, f.SCORE, f.WORKPLANMX_ID, f.WORKPLAN_ID from OA_WORKPLANMX f where f.WORKPLAN_ID = ? limit 0,10 
2019-05-20 10:24:42.833 [http-nio-8080-exec-4] DEBUG o.f.m.dsno1.fhoa.WorkplanMxMapper.datalistPage - ==> Parameters: dc19e81594aa48b0af2418a7c0c81095(String)
2019-05-20 10:24:42.839 [http-nio-8080-exec-4] DEBUG o.f.m.dsno1.fhoa.WorkplanMxMapper.datalistPage - <==      Total: 0
2019-05-20 10:26:52.677 [http-nio-8080-exec-4] DEBUG org.fh.mapper.dsno1.fhoa.WorkplanMxMapper.save - ==>  Preparing: insert into OA_WORKPLANMX ( CONTENTDETAIL, PLANTIME, PROGRESS, SCORE, WORKPLANMX_ID, WORKPLAN_ID ) values ( ?, ?, ?, ?, ?, ? ) 
2019-05-20 10:26:52.678 [http-nio-8080-exec-4] DEBUG org.fh.mapper.dsno1.fhoa.WorkplanMxMapper.save - ==> Parameters: 121(String), 2019-05-20 12:25:00(String), 12%(String), null, 13d2b2f4ca8f4daaa4d449feb1381e29(String), dc19e81594aa48b0af2418a7c0c81095(String)
2019-05-20 10:26:52.692 [http-nio-8080-exec-4] DEBUG org.fh.mapper.dsno1.fhoa.WorkplanMxMapper.save - <==    Updates: 1
2019-05-20 10:26:52.806 [http-nio-8080-exec-5] DEBUG o.f.m.dsno1.fhoa.WorkplanMxMapper.datalistPage - ==>  Preparing: select count(0) from (select f.CONTENTDETAIL, f.PLANTIME, f.PROGRESS, f.SCORE, f.WORKPLANMX_ID, f.WORKPLAN_ID from OA_WORKPLANMX f where f.WORKPLAN_ID = ?) tmp_count 
2019-05-20 10:26:52.806 [http-nio-8080-exec-5] DEBUG o.f.m.dsno1.fhoa.WorkplanMxMapper.datalistPage - ==> Parameters: dc19e81594aa48b0af2418a7c0c81095(String)
2019-05-20 10:26:52.813 [http-nio-8080-exec-5] DEBUG o.f.m.dsno1.fhoa.WorkplanMxMapper.datalistPage - ==>  Preparing: select f.CONTENTDETAIL, f.PLANTIME, f.PROGRESS, f.SCORE, f.WORKPLANMX_ID, f.WORKPLAN_ID from OA_WORKPLANMX f where f.WORKPLAN_ID = ? limit 0,10 
2019-05-20 10:26:52.813 [http-nio-8080-exec-5] DEBUG o.f.m.dsno1.fhoa.WorkplanMxMapper.datalistPage - ==> Parameters: dc19e81594aa48b0af2418a7c0c81095(String)
2019-05-20 10:26:52.821 [http-nio-8080-exec-5] DEBUG o.f.m.dsno1.fhoa.WorkplanMxMapper.datalistPage - <==      Total: 1
2019-05-20 10:26:56.662 [http-nio-8080-exec-3] DEBUG org.fh.mapper.dsno1.fhoa.WorkplanMxMapper.findById - ==>  Preparing: select f.CONTENTDETAIL, f.PLANTIME, f.PROGRESS, f.SCORE, f.WORKPLANMX_ID, f.WORKPLAN_ID from OA_WORKPLANMX f where f.WORKPLANMX_ID = ? 
2019-05-20 10:26:56.662 [http-nio-8080-exec-3] DEBUG org.fh.mapper.dsno1.fhoa.WorkplanMxMapper.findById - ==> Parameters: 13d2b2f4ca8f4daaa4d449feb1381e29(String)
2019-05-20 10:26:56.675 [http-nio-8080-exec-3] DEBUG org.fh.mapper.dsno1.fhoa.WorkplanMxMapper.findById - <==      Total: 1
